0: Starting task Planning Dungeon
1: Starting task Layout dungeon (rough draft)
1: Finishing task Layout dungeon (rough draft) in 60 ms
1: Starting task Fixing room contents
1: Finishing task Fixing room contents in 37 ms
0: Finishing task Planning Dungeon in 97 ms
0: Starting task Building Dungeon in Chunk
1: Starting task Building Dungeon architecture
1: Finishing task Building Dungeon architecture in 11 ms
0: Finishing task Building Dungeon in Chunk in 11 ms
0: Starting task Building Dungeon in Chunk
1: Starting task Building Dungeon architecture
1: Finishing task Building Dungeon architecture in 5 ms
1: Starting task Building Dungeon in Chunk
2: Starting task Building Dungeon architecture
2: Finishing task Building Dungeon architecture in 2 ms
1: Finishing task Building Dungeon in Chunk in 2 ms
1: Starting task Building Dungeon in Chunk
2: Starting task Building Dungeon architecture
2: Finishing task Building Dungeon architecture in 4 ms
2: Starting task Planning Dungeon
3: Starting task Layout dungeon (rough draft)
3: Finishing task Layout dungeon (rough draft) in 6 ms
3: Starting task Fixing room contents
3: Finishing task Fixing room contents in 7 ms
2: Finishing task Planning Dungeon in 13 ms
2: Starting task Building Dungeon in Chunk
3: Starting task Building Dungeon architecture
3: Finishing task Building Dungeon architecture in 3 ms
3: Starting task Building Dungeon in Chunk
4: Starting task Building Dungeon architecture
4: Finishing task Building Dungeon architecture in 3 ms
3: Finishing task Building Dungeon in Chunk in 3 ms
3: Starting task Building Dungeon in Chunk
4: Starting task Building Dungeon architecture
4: Finishing task Building Dungeon architecture in 3 ms
4: Starting task Building Dungeon in Chunk
5: Starting task Building Dungeon architecture
5: Finishing task Building Dungeon architecture in 3 ms
