2021-10-29 15:16:18 INFO ShadersMod integration is enabled
2021-10-29 15:16:19 INFO Initializing client overlay manager
2021-10-29 15:16:19 INFO Optifine custom color support is enabled
2021-10-29 15:16:19 INFO BetterFoliage initialized
2021-10-29 15:16:30 DEBUG mods.betterfoliage.client.render.StandardCactusRegistry: block state minecraft:cactus[age=0]
2021-10-29 15:16:30 DEBUG mods.betterfoliage.client.render.StandardCactusRegistry:       class net.minecraft.block.BlockCactus matches net.minecraft.block.BlockCactus
2021-10-29 15:16:30 DEBUG mods.betterfoliage.client.render.StandardCactusRegistry:       model minecraft:models/block/cactus matches minecraft:block/cactus
2021-10-29 15:16:30 DEBUG mods.betterfoliage.client.render.StandardCactusRegistry:       textures [top=blocks/cactus_top, bottom=blocks/cactus_bottom, side=blocks/cactus_side]
2021-10-29 15:16:30 DEBUG mods.betterfoliage.client.render.StandardCactusRegistry: block state minecraft:cactus[age=1]
2021-10-29 15:16:30 DEBUG mods.betterfoliage.client.render.StandardCactusRegistry:       class net.minecraft.block.BlockCactus matches net.minecraft.block.BlockCactus
2021-10-29 15:16:30 DEBUG mods.betterfoliage.client.render.StandardCactusRegistry:       model minecraft:models/block/cactus matches minecraft:block/cactus
2021-10-29 15:16:30 DEBUG mods.betterfoliage.client.render.StandardCactusRegistry:       textures [top=blocks/cactus_top, bottom=blocks/cactus_bottom, side=blocks/cactus_side]
2021-10-29 15:16:30 DEBUG mods.betterfoliage.client.render.StandardCactusRegistry: block state minecraft:cactus[age=2]
2021-10-29 15:16:30 DEBUG mods.betterfoliage.client.render.StandardCactusRegistry:       class net.minecraft.block.BlockCactus matches net.minecraft.block.BlockCactus
2021-10-29 15:16:30 DEBUG mods.betterfoliage.client.render.StandardCactusRegistry:       model minecraft:models/block/cactus matches minecraft:block/cactus
2021-10-29 15:16:30 DEBUG mods.betterfoliage.client.render.StandardCactusRegistry:       textures [top=blocks/cactus_top, bottom=blocks/cactus_bottom, side=blocks/cactus_side]
2021-10-29 15:16:30 DEBUG mods.betterfoliage.client.render.StandardCactusRegistry: block state minecraft:cactus[age=3]
2021-10-29 15:16:30 DEBUG mods.betterfoliage.client.render.StandardCactusRegistry:       class net.minecraft.block.BlockCactus matches net.minecraft.block.BlockCactus
2021-10-29 15:16:30 DEBUG mods.betterfoliage.client.render.StandardCactusRegistry:       model minecraft:models/block/cactus matches minecraft:block/cactus
2021-10-29 15:16:30 DEBUG mods.betterfoliage.client.render.StandardCactusRegistry:       textures [top=blocks/cactus_top, bottom=blocks/cactus_bottom, side=blocks/cactus_side]
2021-10-29 15:16:30 DEBUG mods.betterfoliage.client.render.StandardCactusRegistry: block state minecraft:cactus[age=4]
2021-10-29 15:16:30 DEBUG mods.betterfoliage.client.render.StandardCactusRegistry:       class net.minecraft.block.BlockCactus matches net.minecraft.block.BlockCactus
2021-10-29 15:16:30 DEBUG mods.betterfoliage.client.render.StandardCactusRegistry:       model minecraft:models/block/cactus matches minecraft:block/cactus
2021-10-29 15:16:30 DEBUG mods.betterfoliage.client.render.StandardCactusRegistry:       textures [top=blocks/cactus_top, bottom=blocks/cactus_bottom, side=blocks/cactus_side]
2021-10-29 15:16:30 DEBUG mods.betterfoliage.client.render.StandardCactusRegistry: block state minecraft:cactus[age=5]
2021-10-29 15:16:30 DEBUG mods.betterfoliage.client.render.StandardCactusRegistry:       class net.minecraft.block.BlockCactus matches net.minecraft.block.BlockCactus
2021-10-29 15:16:30 DEBUG mods.betterfoliage.client.render.StandardCactusRegistry:       model minecraft:models/block/cactus matches minecraft:block/cactus
2021-10-29 15:16:30 DEBUG mods.betterfoliage.client.render.StandardCactusRegistry:       textures [top=blocks/cactus_top, bottom=blocks/cactus_bottom, side=blocks/cactus_side]
2021-10-29 15:16:30 DEBUG mods.betterfoliage.client.render.StandardCactusRegistry: block state minecraft:cactus[age=6]
2021-10-29 15:16:30 DEBUG mods.betterfoliage.client.render.StandardCactusRegistry:       class net.minecraft.block.BlockCactus matches net.minecraft.block.BlockCactus
2021-10-29 15:16:30 DEBUG mods.betterfoliage.client.render.StandardCactusRegistry:       model minecraft:models/block/cactus matches minecraft:block/cactus
2021-10-29 15:16:30 DEBUG mods.betterfoliage.client.render.StandardCactusRegistry:       textures [top=blocks/cactus_top, bottom=blocks/cactus_bottom, side=blocks/cactus_side]
2021-10-29 15:16:30 DEBUG mods.betterfoliage.client.render.StandardCactusRegistry: block state minecraft:cactus[age=7]
2021-10-29 15:16:30 DEBUG mods.betterfoliage.client.render.StandardCactusRegistry:       class net.minecraft.block.BlockCactus matches net.minecraft.block.BlockCactus
2021-10-29 15:16:30 DEBUG mods.betterfoliage.client.render.StandardCactusRegistry:       model minecraft:models/block/cactus matches minecraft:block/cactus
2021-10-29 15:16:30 DEBUG mods.betterfoliage.client.render.StandardCactusRegistry:       textures [top=blocks/cactus_top, bottom=blocks/cactus_bottom, side=blocks/cactus_side]
2021-10-29 15:16:30 DEBUG mods.betterfoliage.client.render.StandardCactusRegistry: block state minecraft:cactus[age=8]
2021-10-29 15:16:30 DEBUG mods.betterfoliage.client.render.StandardCactusRegistry:       class net.minecraft.block.BlockCactus matches net.minecraft.block.BlockCactus
2021-10-29 15:16:30 DEBUG mods.betterfoliage.client.render.StandardCactusRegistry:       model minecraft:models/block/cactus matches minecraft:block/cactus
2021-10-29 15:16:30 DEBUG mods.betterfoliage.client.render.StandardCactusRegistry:       textures [top=blocks/cactus_top, bottom=blocks/cactus_bottom, side=blocks/cactus_side]
2021-10-29 15:16:30 DEBUG mods.betterfoliage.client.render.StandardCactusRegistry: block state minecraft:cactus[age=9]
2021-10-29 15:16:30 DEBUG mods.betterfoliage.client.render.StandardCactusRegistry:       class net.minecraft.block.BlockCactus matches net.minecraft.block.BlockCactus
2021-10-29 15:16:30 DEBUG mods.betterfoliage.client.render.StandardCactusRegistry:       model minecraft:models/block/cactus matches minecraft:block/cactus
2021-10-29 15:16:30 DEBUG mods.betterfoliage.client.render.StandardCactusRegistry:       textures [top=blocks/cactus_top, bottom=blocks/cactus_bottom, side=blocks/cactus_side]
2021-10-29 15:16:30 DEBUG mods.betterfoliage.client.render.StandardCactusRegistry: block state minecraft:cactus[age=10]
2021-10-29 15:16:30 DEBUG mods.betterfoliage.client.render.StandardCactusRegistry:       class net.minecraft.block.BlockCactus matches net.minecraft.block.BlockCactus
2021-10-29 15:16:30 DEBUG mods.betterfoliage.client.render.StandardCactusRegistry:       model minecraft:models/block/cactus matches minecraft:block/cactus
2021-10-29 15:16:30 DEBUG mods.betterfoliage.client.render.StandardCactusRegistry:       textures [top=blocks/cactus_top, bottom=blocks/cactus_bottom, side=blocks/cactus_side]
2021-10-29 15:16:30 DEBUG mods.betterfoliage.client.render.StandardCactusRegistry: block state minecraft:cactus[age=11]
2021-10-29 15:16:30 DEBUG mods.betterfoliage.client.render.StandardCactusRegistry:       class net.minecraft.block.BlockCactus matches net.minecraft.block.BlockCactus
2021-10-29 15:16:30 DEBUG mods.betterfoliage.client.render.StandardCactusRegistry:       model minecraft:models/block/cactus matches minecraft:block/cactus
2021-10-29 15:16:30 DEBUG mods.betterfoliage.client.render.StandardCactusRegistry:       textures [top=blocks/cactus_top, bottom=blocks/cactus_bottom, side=blocks/cactus_side]
2021-10-29 15:16:30 DEBUG mods.betterfoliage.client.render.StandardCactusRegistry: block state minecraft:cactus[age=12]
2021-10-29 15:16:30 DEBUG mods.betterfoliage.client.render.StandardCactusRegistry:       class net.minecraft.block.BlockCactus matches net.minecraft.block.BlockCactus
2021-10-29 15:16:30 DEBUG mods.betterfoliage.client.render.StandardCactusRegistry:       model minecraft:models/block/cactus matches minecraft:block/cactus
2021-10-29 15:16:30 DEBUG mods.betterfoliage.client.render.StandardCactusRegistry:       textures [top=blocks/cactus_top, bottom=blocks/cactus_bottom, side=blocks/cactus_side]
2021-10-29 15:16:30 DEBUG mods.betterfoliage.client.render.StandardCactusRegistry: block state minecraft:cactus[age=13]
2021-10-29 15:16:30 DEBUG mods.betterfoliage.client.render.StandardCactusRegistry:       class net.minecraft.block.BlockCactus matches net.minecraft.block.BlockCactus
2021-10-29 15:16:30 DEBUG mods.betterfoliage.client.render.StandardCactusRegistry:       model minecraft:models/block/cactus matches minecraft:block/cactus
2021-10-29 15:16:30 DEBUG mods.betterfoliage.client.render.StandardCactusRegistry:       textures [top=blocks/cactus_top, bottom=blocks/cactus_bottom, side=blocks/cactus_side]
2021-10-29 15:16:30 DEBUG mods.betterfoliage.client.render.StandardCactusRegistry: block state minecraft:cactus[age=14]
2021-10-29 15:16:30 DEBUG mods.betterfoliage.client.render.StandardCactusRegistry:       class net.minecraft.block.BlockCactus matches net.minecraft.block.BlockCactus
2021-10-29 15:16:30 DEBUG mods.betterfoliage.client.render.StandardCactusRegistry:       model minecraft:models/block/cactus matches minecraft:block/cactus
2021-10-29 15:16:30 DEBUG mods.betterfoliage.client.render.StandardCactusRegistry:       textures [top=blocks/cactus_top, bottom=blocks/cactus_bottom, side=blocks/cactus_side]
2021-10-29 15:16:30 DEBUG mods.betterfoliage.client.render.StandardCactusRegistry: block state minecraft:cactus[age=15]
2021-10-29 15:16:30 DEBUG mods.betterfoliage.client.render.StandardCactusRegistry:       class net.minecraft.block.BlockCactus matches net.minecraft.block.BlockCactus
2021-10-29 15:16:30 DEBUG mods.betterfoliage.client.render.StandardCactusRegistry:       model minecraft:models/block/cactus matches minecraft:block/cactus
2021-10-29 15:16:30 DEBUG mods.betterfoliage.client.render.StandardCactusRegistry:       textures [top=blocks/cactus_top, bottom=blocks/cactus_bottom, side=blocks/cactus_side]
2021-10-29 15:16:30 DEBUG mods.betterfoliage.client.texture.StandardGrassRegistry: block state minecraft:grass[snowy=true]
2021-10-29 15:16:30 DEBUG mods.betterfoliage.client.texture.StandardGrassRegistry:       class net.minecraft.block.BlockGrass matches net.minecraft.block.BlockGrass
2021-10-29 15:16:30 DEBUG mods.betterfoliage.client.texture.StandardGrassRegistry:       model minecraft:models/block/grass_snowed matches minecraft:block/cube_bottom_top
2021-10-29 15:16:30 DEBUG mods.betterfoliage.client.texture.StandardGrassRegistry:       textures [top=blocks/grass_top]
2021-10-29 15:16:30 DEBUG mods.betterfoliage.client.texture.StandardGrassRegistry: block state minecraft:grass[snowy=false]
2021-10-29 15:16:30 DEBUG mods.betterfoliage.client.texture.StandardGrassRegistry:       class net.minecraft.block.BlockGrass matches net.minecraft.block.BlockGrass
2021-10-29 15:16:30 DEBUG mods.betterfoliage.client.texture.StandardGrassRegistry:       model minecraft:models/block/grass_normal matches minecraft:block/grass
2021-10-29 15:16:30 DEBUG mods.betterfoliage.client.texture.StandardGrassRegistry:       textures [top=blocks/grass_top]
2021-10-29 15:16:30 DEBUG mods.betterfoliage.client.texture.StandardLeafRegistry: block state minecraft:leaves[check_decay=true,decayable=true,variant=oak]
2021-10-29 15:16:30 DEBUG mods.betterfoliage.client.texture.StandardLeafRegistry:       class net.minecraft.block.BlockOldLeaf matches net.minecraft.block.BlockLeaves
2021-10-29 15:16:30 DEBUG mods.betterfoliage.client.texture.StandardLeafRegistry:       model minecraft:models/block/oak_leaves matches minecraft:block/leaves
2021-10-29 15:16:30 DEBUG mods.betterfoliage.client.texture.StandardLeafRegistry:       textures [all=blocks/leaves_oak]
2021-10-29 15:16:30 DEBUG mods.betterfoliage.client.texture.StandardLeafRegistry: block state minecraft:leaves[check_decay=true,decayable=true,variant=spruce]
2021-10-29 15:16:30 DEBUG mods.betterfoliage.client.texture.StandardLeafRegistry:       class net.minecraft.block.BlockOldLeaf matches net.minecraft.block.BlockLeaves
2021-10-29 15:16:30 DEBUG mods.betterfoliage.client.texture.StandardLeafRegistry:       model minecraft:models/block/spruce_leaves matches minecraft:block/leaves
2021-10-29 15:16:30 DEBUG mods.betterfoliage.client.texture.StandardLeafRegistry:       textures [all=blocks/leaves_spruce]
2021-10-29 15:16:30 DEBUG mods.betterfoliage.client.texture.StandardLeafRegistry: block state minecraft:leaves[check_decay=true,decayable=true,variant=birch]
2021-10-29 15:16:30 DEBUG mods.betterfoliage.client.texture.StandardLeafRegistry:       class net.minecraft.block.BlockOldLeaf matches net.minecraft.block.BlockLeaves
2021-10-29 15:16:30 DEBUG mods.betterfoliage.client.texture.StandardLeafRegistry:       model minecraft:models/block/birch_leaves matches minecraft:block/leaves
2021-10-29 15:16:30 DEBUG mods.betterfoliage.client.texture.StandardLeafRegistry:       textures [all=blocks/leaves_birch]
2021-10-29 15:16:30 DEBUG mods.betterfoliage.client.texture.StandardLeafRegistry: block state minecraft:leaves[check_decay=true,decayable=true,variant=jungle]
2021-10-29 15:16:30 DEBUG mods.betterfoliage.client.texture.StandardLeafRegistry:       class net.minecraft.block.BlockOldLeaf matches net.minecraft.block.BlockLeaves
2021-10-29 15:16:30 DEBUG mods.betterfoliage.client.texture.StandardLeafRegistry:       model minecraft:models/block/jungle_leaves matches minecraft:block/leaves
2021-10-29 15:16:30 DEBUG mods.betterfoliage.client.texture.StandardLeafRegistry:       textures [all=blocks/leaves_jungle]
2021-10-29 15:16:30 DEBUG mods.betterfoliage.client.texture.StandardLeafRegistry: block state minecraft:leaves[check_decay=true,decayable=false,variant=oak]
2021-10-29 15:16:30 DEBUG mods.betterfoliage.client.texture.StandardLeafRegistry:       class net.minecraft.block.BlockOldLeaf matches net.minecraft.block.BlockLeaves
2021-10-29 15:16:30 DEBUG mods.betterfoliage.client.texture.StandardLeafRegistry:       model minecraft:models/block/oak_leaves matches minecraft:block/leaves
2021-10-29 15:16:30 DEBUG mods.betterfoliage.client.texture.StandardLeafRegistry:       textures [all=blocks/leaves_oak]
2021-10-29 15:16:30 DEBUG mods.betterfoliage.client.texture.StandardLeafRegistry: block state minecraft:leaves[check_decay=true,decayable=false,variant=spruce]
2021-10-29 15:16:30 DEBUG mods.betterfoliage.client.texture.StandardLeafRegistry:       class net.minecraft.block.BlockOldLeaf matches net.minecraft.block.BlockLeaves
2021-10-29 15:16:30 DEBUG mods.betterfoliage.client.texture.StandardLeafRegistry:       model minecraft:models/block/spruce_leaves matches minecraft:block/leaves
2021-10-29 15:16:30 DEBUG mods.betterfoliage.client.texture.StandardLeafRegistry:       textures [all=blocks/leaves_spruce]
2021-10-29 15:16:30 DEBUG mods.betterfoliage.client.texture.StandardLeafRegistry: block state minecraft:leaves[check_decay=true,decayable=false,variant=birch]
2021-10-29 15:16:30 DEBUG mods.betterfoliage.client.texture.StandardLeafRegistry:       class net.minecraft.block.BlockOldLeaf matches net.minecraft.block.BlockLeaves
2021-10-29 15:16:30 DEBUG mods.betterfoliage.client.texture.StandardLeafRegistry:       model minecraft:models/block/birch_leaves matches minecraft:block/leaves
2021-10-29 15:16:30 DEBUG mods.betterfoliage.client.texture.StandardLeafRegistry:       textures [all=blocks/leaves_birch]
2021-10-29 15:16:30 DEBUG mods.betterfoliage.client.texture.StandardLeafRegistry: block state minecraft:leaves[check_decay=true,decayable=false,variant=jungle]
2021-10-29 15:16:30 DEBUG mods.betterfoliage.client.texture.StandardLeafRegistry:       class net.minecraft.block.BlockOldLeaf matches net.minecraft.block.BlockLeaves
2021-10-29 15:16:30 DEBUG mods.betterfoliage.client.texture.StandardLeafRegistry:       model minecraft:models/block/jungle_leaves matches minecraft:block/leaves
2021-10-29 15:16:30 DEBUG mods.betterfoliage.client.texture.StandardLeafRegistry:       textures [all=blocks/leaves_jungle]
2021-10-29 15:16:30 DEBUG mods.betterfoliage.client.texture.StandardLeafRegistry: block state minecraft:leaves[check_decay=false,decayable=true,variant=oak]
2021-10-29 15:16:30 DEBUG mods.betterfoliage.client.texture.StandardLeafRegistry:       class net.minecraft.block.BlockOldLeaf matches net.minecraft.block.BlockLeaves
2021-10-29 15:16:30 DEBUG mods.betterfoliage.client.texture.StandardLeafRegistry:       model minecraft:models/block/oak_leaves matches minecraft:block/leaves
2021-10-29 15:16:30 DEBUG mods.betterfoliage.client.texture.StandardLeafRegistry:       textures [all=blocks/leaves_oak]
2021-10-29 15:16:30 DEBUG mods.betterfoliage.client.texture.StandardLeafRegistry: block state minecraft:leaves[check_decay=false,decayable=true,variant=spruce]
2021-10-29 15:16:30 DEBUG mods.betterfoliage.client.texture.StandardLeafRegistry:       class net.minecraft.block.BlockOldLeaf matches net.minecraft.block.BlockLeaves
2021-10-29 15:16:30 DEBUG mods.betterfoliage.client.texture.StandardLeafRegistry:       model minecraft:models/block/spruce_leaves matches minecraft:block/leaves
2021-10-29 15:16:30 DEBUG mods.betterfoliage.client.texture.StandardLeafRegistry:       textures [all=blocks/leaves_spruce]
2021-10-29 15:16:30 DEBUG mods.betterfoliage.client.texture.StandardLeafRegistry: block state minecraft:leaves[check_decay=false,decayable=true,variant=birch]
2021-10-29 15:16:30 DEBUG mods.betterfoliage.client.texture.StandardLeafRegistry:       class net.minecraft.block.BlockOldLeaf matches net.minecraft.block.BlockLeaves
2021-10-29 15:16:30 DEBUG mods.betterfoliage.client.texture.StandardLeafRegistry:       model minecraft:models/block/birch_leaves matches minecraft:block/leaves
2021-10-29 15:16:30 DEBUG mods.betterfoliage.client.texture.StandardLeafRegistry:       textures [all=blocks/leaves_birch]
2021-10-29 15:16:30 DEBUG mods.betterfoliage.client.texture.StandardLeafRegistry: block state minecraft:leaves[check_decay=false,decayable=true,variant=jungle]
2021-10-29 15:16:30 DEBUG mods.betterfoliage.client.texture.StandardLeafRegistry:       class net.minecraft.block.BlockOldLeaf matches net.minecraft.block.BlockLeaves
2021-10-29 15:16:30 DEBUG mods.betterfoliage.client.texture.StandardLeafRegistry:       model minecraft:models/block/jungle_leaves matches minecraft:block/leaves
2021-10-29 15:16:30 DEBUG mods.betterfoliage.client.texture.StandardLeafRegistry:       textures [all=blocks/leaves_jungle]
2021-10-29 15:16:30 DEBUG mods.betterfoliage.client.texture.StandardLeafRegistry: block state minecraft:leaves[check_decay=false,decayable=false,variant=oak]
2021-10-29 15:16:30 DEBUG mods.betterfoliage.client.texture.StandardLeafRegistry:       class net.minecraft.block.BlockOldLeaf matches net.minecraft.block.BlockLeaves
2021-10-29 15:16:30 DEBUG mods.betterfoliage.client.texture.StandardLeafRegistry:       model minecraft:models/block/oak_leaves matches minecraft:block/leaves
2021-10-29 15:16:30 DEBUG mods.betterfoliage.client.texture.StandardLeafRegistry:       textures [all=blocks/leaves_oak]
2021-10-29 15:16:30 DEBUG mods.betterfoliage.client.texture.StandardLeafRegistry: block state minecraft:leaves[check_decay=false,decayable=false,variant=spruce]
2021-10-29 15:16:30 DEBUG mods.betterfoliage.client.texture.StandardLeafRegistry:       class net.minecraft.block.BlockOldLeaf matches net.minecraft.block.BlockLeaves
2021-10-29 15:16:30 DEBUG mods.betterfoliage.client.texture.StandardLeafRegistry:       model minecraft:models/block/spruce_leaves matches minecraft:block/leaves
2021-10-29 15:16:30 DEBUG mods.betterfoliage.client.texture.StandardLeafRegistry:       textures [all=blocks/leaves_spruce]
2021-10-29 15:16:30 DEBUG mods.betterfoliage.client.texture.StandardLeafRegistry: block state minecraft:leaves[check_decay=false,decayable=false,variant=birch]
2021-10-29 15:16:30 DEBUG mods.betterfoliage.client.texture.StandardLeafRegistry:       class net.minecraft.block.BlockOldLeaf matches net.minecraft.block.BlockLeaves
2021-10-29 15:16:30 DEBUG mods.betterfoliage.client.texture.StandardLeafRegistry:       model minecraft:models/block/birch_leaves matches minecraft:block/leaves
2021-10-29 15:16:30 DEBUG mods.betterfoliage.client.texture.StandardLeafRegistry:       textures [all=blocks/leaves_birch]
2021-10-29 15:16:30 DEBUG mods.betterfoliage.client.texture.StandardLeafRegistry: block state minecraft:leaves[check_decay=false,decayable=false,variant=jungle]
2021-10-29 15:16:30 DEBUG mods.betterfoliage.client.texture.StandardLeafRegistry:       class net.minecraft.block.BlockOldLeaf matches net.minecraft.block.BlockLeaves
2021-10-29 15:16:30 DEBUG mods.betterfoliage.client.texture.StandardLeafRegistry:       model minecraft:models/block/jungle_leaves matches minecraft:block/leaves
2021-10-29 15:16:30 DEBUG mods.betterfoliage.client.texture.StandardLeafRegistry:       textures [all=blocks/leaves_jungle]
2021-10-29 15:16:30 DEBUG mods.betterfoliage.client.texture.StandardLeafRegistry: block state minecraft:leaves2[check_decay=true,decayable=true,variant=acacia]
2021-10-29 15:16:30 DEBUG mods.betterfoliage.client.texture.StandardLeafRegistry:       class net.minecraft.block.BlockNewLeaf matches net.minecraft.block.BlockLeaves
2021-10-29 15:16:30 DEBUG mods.betterfoliage.client.texture.StandardLeafRegistry:       model minecraft:models/block/acacia_leaves matches minecraft:block/leaves
2021-10-29 15:16:30 DEBUG mods.betterfoliage.client.texture.StandardLeafRegistry:       textures [all=blocks/leaves_acacia]
2021-10-29 15:16:30 DEBUG mods.betterfoliage.client.texture.StandardLeafRegistry: block state minecraft:leaves2[check_decay=true,decayable=true,variant=dark_oak]
2021-10-29 15:16:30 DEBUG mods.betterfoliage.client.texture.StandardLeafRegistry:       class net.minecraft.block.BlockNewLeaf matches net.minecraft.block.BlockLeaves
2021-10-29 15:16:30 DEBUG mods.betterfoliage.client.texture.StandardLeafRegistry:       model minecraft:models/block/dark_oak_leaves matches minecraft:block/leaves
2021-10-29 15:16:30 DEBUG mods.betterfoliage.client.texture.StandardLeafRegistry:       textures [all=blocks/leaves_big_oak]
2021-10-29 15:16:30 DEBUG mods.betterfoliage.client.texture.StandardLeafRegistry: block state minecraft:leaves2[check_decay=true,decayable=false,variant=acacia]
2021-10-29 15:16:30 DEBUG mods.betterfoliage.client.texture.StandardLeafRegistry:       class net.minecraft.block.BlockNewLeaf matches net.minecraft.block.BlockLeaves
2021-10-29 15:16:30 DEBUG mods.betterfoliage.client.texture.StandardLeafRegistry:       model minecraft:models/block/acacia_leaves matches minecraft:block/leaves
2021-10-29 15:16:30 DEBUG mods.betterfoliage.client.texture.StandardLeafRegistry:       textures [all=blocks/leaves_acacia]
2021-10-29 15:16:30 DEBUG mods.betterfoliage.client.texture.StandardLeafRegistry: block state minecraft:leaves2[check_decay=true,decayable=false,variant=dark_oak]
2021-10-29 15:16:30 DEBUG mods.betterfoliage.client.texture.StandardLeafRegistry:       class net.minecraft.block.BlockNewLeaf matches net.minecraft.block.BlockLeaves
2021-10-29 15:16:30 DEBUG mods.betterfoliage.client.texture.StandardLeafRegistry:       model minecraft:models/block/dark_oak_leaves matches minecraft:block/leaves
2021-10-29 15:16:30 DEBUG mods.betterfoliage.client.texture.StandardLeafRegistry:       textures [all=blocks/leaves_big_oak]
2021-10-29 15:16:30 DEBUG mods.betterfoliage.client.texture.StandardLeafRegistry: block state minecraft:leaves2[check_decay=false,decayable=true,variant=acacia]
2021-10-29 15:16:30 DEBUG mods.betterfoliage.client.texture.StandardLeafRegistry:       class net.minecraft.block.BlockNewLeaf matches net.minecraft.block.BlockLeaves
2021-10-29 15:16:30 DEBUG mods.betterfoliage.client.texture.StandardLeafRegistry:       model minecraft:models/block/acacia_leaves matches minecraft:block/leaves
2021-10-29 15:16:30 DEBUG mods.betterfoliage.client.texture.StandardLeafRegistry:       textures [all=blocks/leaves_acacia]
2021-10-29 15:16:30 DEBUG mods.betterfoliage.client.texture.StandardLeafRegistry: block state minecraft:leaves2[check_decay=false,decayable=true,variant=dark_oak]
2021-10-29 15:16:30 DEBUG mods.betterfoliage.client.texture.StandardLeafRegistry:       class net.minecraft.block.BlockNewLeaf matches net.minecraft.block.BlockLeaves
2021-10-29 15:16:30 DEBUG mods.betterfoliage.client.texture.StandardLeafRegistry:       model minecraft:models/block/dark_oak_leaves matches minecraft:block/leaves
2021-10-29 15:16:30 DEBUG mods.betterfoliage.client.texture.StandardLeafRegistry:       textures [all=blocks/leaves_big_oak]
2021-10-29 15:16:30 DEBUG mods.betterfoliage.client.texture.StandardLeafRegistry: block state minecraft:leaves2[check_decay=false,decayable=false,variant=acacia]
2021-10-29 15:16:30 DEBUG mods.betterfoliage.client.texture.StandardLeafRegistry:       class net.minecraft.block.BlockNewLeaf matches net.minecraft.block.BlockLeaves
2021-10-29 15:16:30 DEBUG mods.betterfoliage.client.texture.StandardLeafRegistry:       model minecraft:models/block/acacia_leaves matches minecraft:block/leaves
2021-10-29 15:16:30 DEBUG mods.betterfoliage.client.texture.StandardLeafRegistry:       textures [all=blocks/leaves_acacia]
2021-10-29 15:16:30 DEBUG mods.betterfoliage.client.texture.StandardLeafRegistry: block state minecraft:leaves2[check_decay=false,decayable=false,variant=dark_oak]
2021-10-29 15:16:30 DEBUG mods.betterfoliage.client.texture.StandardLeafRegistry:       class net.minecraft.block.BlockNewLeaf matches net.minecraft.block.BlockLeaves
2021-10-29 15:16:30 DEBUG mods.betterfoliage.client.texture.StandardLeafRegistry:       model minecraft:models/block/dark_oak_leaves matches minecraft:block/leaves
2021-10-29 15:16:30 DEBUG mods.betterfoliage.client.texture.StandardLeafRegistry:       textures [all=blocks/leaves_big_oak]
2021-10-29 15:16:30 DEBUG mods.betterfoliage.client.texture.StandardLeafRegistry: block state betterwithmods:blood_leaves[check_decay=true,decayable=true]
2021-10-29 15:16:30 DEBUG mods.betterfoliage.client.texture.StandardLeafRegistry:       class betterwithmods.common.blocks.BlockBloodLeaves matches net.minecraft.block.BlockLeaves
2021-10-29 15:16:30 DEBUG mods.betterfoliage.client.texture.StandardLeafRegistry:       model minecraft:models/block/oak_leaves matches minecraft:block/leaves
2021-10-29 15:16:30 DEBUG mods.betterfoliage.client.texture.StandardLeafRegistry:       textures [all=blocks/leaves_oak]
2021-10-29 15:16:30 DEBUG mods.betterfoliage.client.texture.StandardLeafRegistry: block state betterwithmods:blood_leaves[check_decay=true,decayable=false]
2021-10-29 15:16:30 DEBUG mods.betterfoliage.client.texture.StandardLeafRegistry:       class betterwithmods.common.blocks.BlockBloodLeaves matches net.minecraft.block.BlockLeaves
2021-10-29 15:16:30 DEBUG mods.betterfoliage.client.texture.StandardLeafRegistry:       model minecraft:models/block/oak_leaves matches minecraft:block/leaves
2021-10-29 15:16:30 DEBUG mods.betterfoliage.client.texture.StandardLeafRegistry:       textures [all=blocks/leaves_oak]
2021-10-29 15:16:30 DEBUG mods.betterfoliage.client.texture.StandardLeafRegistry: block state betterwithmods:blood_leaves[check_decay=false,decayable=true]
2021-10-29 15:16:30 DEBUG mods.betterfoliage.client.texture.StandardLeafRegistry:       class betterwithmods.common.blocks.BlockBloodLeaves matches net.minecraft.block.BlockLeaves
2021-10-29 15:16:30 DEBUG mods.betterfoliage.client.texture.StandardLeafRegistry:       model minecraft:models/block/oak_leaves matches minecraft:block/leaves
2021-10-29 15:16:30 DEBUG mods.betterfoliage.client.texture.StandardLeafRegistry:       textures [all=blocks/leaves_oak]
2021-10-29 15:16:30 DEBUG mods.betterfoliage.client.texture.StandardLeafRegistry: block state betterwithmods:blood_leaves[check_decay=false,decayable=false]
2021-10-29 15:16:30 DEBUG mods.betterfoliage.client.texture.StandardLeafRegistry:       class betterwithmods.common.blocks.BlockBloodLeaves matches net.minecraft.block.BlockLeaves
2021-10-29 15:16:30 DEBUG mods.betterfoliage.client.texture.StandardLeafRegistry:       model minecraft:models/block/oak_leaves matches minecraft:block/leaves
2021-10-29 15:16:30 DEBUG mods.betterfoliage.client.texture.StandardLeafRegistry:       textures [all=blocks/leaves_oak]
2021-10-29 15:16:30 DEBUG mods.betterfoliage.client.texture.StandardLeafRegistry: block state dynamictrees:leaves0[decayable=true,hydro=1,tree=0]
2021-10-29 15:16:30 DEBUG mods.betterfoliage.client.texture.StandardLeafRegistry:       class com.ferreusveritas.dynamictrees.blocks.BlockDynamicLeaves matches net.minecraft.block.BlockLeaves
2021-10-29 15:16:30 DEBUG mods.betterfoliage.client.texture.StandardLeafRegistry:       model minecraft:models/block/oak_leaves matches minecraft:block/leaves
2021-10-29 15:16:30 DEBUG mods.betterfoliage.client.texture.StandardLeafRegistry:       textures [all=blocks/leaves_oak]
2021-10-29 15:16:30 DEBUG mods.betterfoliage.client.texture.StandardLeafRegistry: block state dynamictrees:leaves0[decayable=true,hydro=1,tree=1]
2021-10-29 15:16:30 DEBUG mods.betterfoliage.client.texture.StandardLeafRegistry:       class com.ferreusveritas.dynamictrees.blocks.BlockDynamicLeaves matches net.minecraft.block.BlockLeaves
2021-10-29 15:16:30 DEBUG mods.betterfoliage.client.texture.StandardLeafRegistry:       model minecraft:models/block/spruce_leaves matches minecraft:block/leaves
2021-10-29 15:16:30 DEBUG mods.betterfoliage.client.texture.StandardLeafRegistry:       textures [all=blocks/leaves_spruce]
2021-10-29 15:16:30 DEBUG mods.betterfoliage.client.texture.StandardLeafRegistry: block state dynamictrees:leaves0[decayable=true,hydro=1,tree=2]
2021-10-29 15:16:30 DEBUG mods.betterfoliage.client.texture.StandardLeafRegistry:       class com.ferreusveritas.dynamictrees.blocks.BlockDynamicLeaves matches net.minecraft.block.BlockLeaves
2021-10-29 15:16:30 DEBUG mods.betterfoliage.client.texture.StandardLeafRegistry:       model minecraft:models/block/birch_leaves matches minecraft:block/leaves
2021-10-29 15:16:30 DEBUG mods.betterfoliage.client.texture.StandardLeafRegistry:       textures [all=blocks/leaves_birch]
2021-10-29 15:16:30 DEBUG mods.betterfoliage.client.texture.StandardLeafRegistry: block state dynamictrees:leaves0[decayable=true,hydro=1,tree=3]
2021-10-29 15:16:30 DEBUG mods.betterfoliage.client.texture.StandardLeafRegistry:       class com.ferreusveritas.dynamictrees.blocks.BlockDynamicLeaves matches net.minecraft.block.BlockLeaves
2021-10-29 15:16:30 DEBUG mods.betterfoliage.client.texture.StandardLeafRegistry:       model minecraft:models/block/jungle_leaves matches minecraft:block/leaves
2021-10-29 15:16:30 DEBUG mods.betterfoliage.client.texture.StandardLeafRegistry:       textures [all=blocks/leaves_jungle]
2021-10-29 15:16:30 DEBUG mods.betterfoliage.client.texture.StandardLeafRegistry: block state dynamictrees:leaves0[decayable=true,hydro=2,tree=0]
2021-10-29 15:16:30 DEBUG mods.betterfoliage.client.texture.StandardLeafRegistry:       class com.ferreusveritas.dynamictrees.blocks.BlockDynamicLeaves matches net.minecraft.block.BlockLeaves
2021-10-29 15:16:30 DEBUG mods.betterfoliage.client.texture.StandardLeafRegistry:       model minecraft:models/block/oak_leaves matches minecraft:block/leaves
2021-10-29 15:16:30 DEBUG mods.betterfoliage.client.texture.StandardLeafRegistry:       textures [all=blocks/leaves_oak]
2021-10-29 15:16:30 DEBUG mods.betterfoliage.client.texture.StandardLeafRegistry: block state dynamictrees:leaves0[decayable=true,hydro=2,tree=1]
2021-10-29 15:16:30 DEBUG mods.betterfoliage.client.texture.StandardLeafRegistry:       class com.ferreusveritas.dynamictrees.blocks.BlockDynamicLeaves matches net.minecraft.block.BlockLeaves
2021-10-29 15:16:30 DEBUG mods.betterfoliage.client.texture.StandardLeafRegistry:       model minecraft:models/block/spruce_leaves matches minecraft:block/leaves
2021-10-29 15:16:30 DEBUG mods.betterfoliage.client.texture.StandardLeafRegistry:       textures [all=blocks/leaves_spruce]
2021-10-29 15:16:30 DEBUG mods.betterfoliage.client.texture.StandardLeafRegistry: block state dynamictrees:leaves0[decayable=true,hydro=2,tree=2]
2021-10-29 15:16:30 DEBUG mods.betterfoliage.client.texture.StandardLeafRegistry:       class com.ferreusveritas.dynamictrees.blocks.BlockDynamicLeaves matches net.minecraft.block.BlockLeaves
2021-10-29 15:16:30 DEBUG mods.betterfoliage.client.texture.StandardLeafRegistry:       model minecraft:models/block/birch_leaves matches minecraft:block/leaves
2021-10-29 15:16:30 DEBUG mods.betterfoliage.client.texture.StandardLeafRegistry:       textures [all=blocks/leaves_birch]
2021-10-29 15:16:30 DEBUG mods.betterfoliage.client.texture.StandardLeafRegistry: block state dynamictrees:leaves0[decayable=true,hydro=2,tree=3]
2021-10-29 15:16:30 DEBUG mods.betterfoliage.client.texture.StandardLeafRegistry:       class com.ferreusveritas.dynamictrees.blocks.BlockDynamicLeaves matches net.minecraft.block.BlockLeaves
2021-10-29 15:16:30 DEBUG mods.betterfoliage.client.texture.StandardLeafRegistry:       model minecraft:models/block/jungle_leaves matches minecraft:block/leaves
2021-10-29 15:16:30 DEBUG mods.betterfoliage.client.texture.StandardLeafRegistry:       textures [all=blocks/leaves_jungle]
2021-10-29 15:16:30 DEBUG mods.betterfoliage.client.texture.StandardLeafRegistry: block state dynamictrees:leaves0[decayable=true,hydro=3,tree=0]
2021-10-29 15:16:30 DEBUG mods.betterfoliage.client.texture.StandardLeafRegistry:       class com.ferreusveritas.dynamictrees.blocks.BlockDynamicLeaves matches net.minecraft.block.BlockLeaves
2021-10-29 15:16:30 DEBUG mods.betterfoliage.client.texture.StandardLeafRegistry:       model minecraft:models/block/oak_leaves matches minecraft:block/leaves
2021-10-29 15:16:30 DEBUG mods.betterfoliage.client.texture.StandardLeafRegistry:       textures [all=blocks/leaves_oak]
2021-10-29 15:16:30 DEBUG mods.betterfoliage.client.texture.StandardLeafRegistry: block state dynamictrees:leaves0[decayable=true,hydro=3,tree=1]
2021-10-29 15:16:30 DEBUG mods.betterfoliage.client.texture.StandardLeafRegistry:       class com.ferreusveritas.dynamictrees.blocks.BlockDynamicLeaves matches net.minecraft.block.BlockLeaves
2021-10-29 15:16:30 DEBUG mods.betterfoliage.client.texture.StandardLeafRegistry:       model minecraft:models/block/spruce_leaves matches minecraft:block/leaves
2021-10-29 15:16:30 DEBUG mods.betterfoliage.client.texture.StandardLeafRegistry:       textures [all=blocks/leaves_spruce]
2021-10-29 15:16:30 DEBUG mods.betterfoliage.client.texture.StandardLeafRegistry: block state dynamictrees:leaves0[decayable=true,hydro=3,tree=2]
2021-10-29 15:16:30 DEBUG mods.betterfoliage.client.texture.StandardLeafRegistry:       class com.ferreusveritas.dynamictrees.blocks.BlockDynamicLeaves matches net.minecraft.block.BlockLeaves
2021-10-29 15:16:30 DEBUG mods.betterfoliage.client.texture.StandardLeafRegistry:       model minecraft:models/block/birch_leaves matches minecraft:block/leaves
2021-10-29 15:16:30 DEBUG mods.betterfoliage.client.texture.StandardLeafRegistry:       textures [all=blocks/leaves_birch]
2021-10-29 15:16:30 DEBUG mods.betterfoliage.client.texture.StandardLeafRegistry: block state dynamictrees:leaves0[decayable=true,hydro=3,tree=3]
2021-10-29 15:16:30 DEBUG mods.betterfoliage.client.texture.StandardLeafRegistry:       class com.ferreusveritas.dynamictrees.blocks.BlockDynamicLeaves matches net.minecraft.block.BlockLeaves
2021-10-29 15:16:30 DEBUG mods.betterfoliage.client.texture.StandardLeafRegistry:       model minecraft:models/block/jungle_leaves matches minecraft:block/leaves
2021-10-29 15:16:30 DEBUG mods.betterfoliage.client.texture.StandardLeafRegistry:       textures [all=blocks/leaves_jungle]
2021-10-29 15:16:30 DEBUG mods.betterfoliage.client.texture.StandardLeafRegistry: block state dynamictrees:leaves0[decayable=true,hydro=4,tree=0]
2021-10-29 15:16:30 DEBUG mods.betterfoliage.client.texture.StandardLeafRegistry:       class com.ferreusveritas.dynamictrees.blocks.BlockDynamicLeaves matches net.minecraft.block.BlockLeaves
2021-10-29 15:16:30 DEBUG mods.betterfoliage.client.texture.StandardLeafRegistry:       model minecraft:models/block/oak_leaves matches minecraft:block/leaves
2021-10-29 15:16:30 DEBUG mods.betterfoliage.client.texture.StandardLeafRegistry:       textures [all=blocks/leaves_oak]
2021-10-29 15:16:30 DEBUG mods.betterfoliage.client.texture.StandardLeafRegistry: block state dynamictrees:leaves0[decayable=true,hydro=4,tree=1]
2021-10-29 15:16:30 DEBUG mods.betterfoliage.client.texture.StandardLeafRegistry:       class com.ferreusveritas.dynamictrees.blocks.BlockDynamicLeaves matches net.minecraft.block.BlockLeaves
2021-10-29 15:16:30 DEBUG mods.betterfoliage.client.texture.StandardLeafRegistry:       model minecraft:models/block/spruce_leaves matches minecraft:block/leaves
2021-10-29 15:16:30 DEBUG mods.betterfoliage.client.texture.StandardLeafRegistry:       textures [all=blocks/leaves_spruce]
2021-10-29 15:16:30 DEBUG mods.betterfoliage.client.texture.StandardLeafRegistry: block state dynamictrees:leaves0[decayable=true,hydro=4,tree=2]
2021-10-29 15:16:30 DEBUG mods.betterfoliage.client.texture.StandardLeafRegistry:       class com.ferreusveritas.dynamictrees.blocks.BlockDynamicLeaves matches net.minecraft.block.BlockLeaves
2021-10-29 15:16:30 DEBUG mods.betterfoliage.client.texture.StandardLeafRegistry:       model minecraft:models/block/birch_leaves matches minecraft:block/leaves
2021-10-29 15:16:30 DEBUG mods.betterfoliage.client.texture.StandardLeafRegistry:       textures [all=blocks/leaves_birch]
2021-10-29 15:16:30 DEBUG mods.betterfoliage.client.texture.StandardLeafRegistry: block state dynamictrees:leaves0[decayable=true,hydro=4,tree=3]
2021-10-29 15:16:30 DEBUG mods.betterfoliage.client.texture.StandardLeafRegistry:       class com.ferreusveritas.dynamictrees.blocks.BlockDynamicLeaves matches net.minecraft.block.BlockLeaves
2021-10-29 15:16:30 DEBUG mods.betterfoliage.client.texture.StandardLeafRegistry:       model minecraft:models/block/jungle_leaves matches minecraft:block/leaves
2021-10-29 15:16:30 DEBUG mods.betterfoliage.client.texture.StandardLeafRegistry:       textures [all=blocks/leaves_jungle]
2021-10-29 15:16:30 DEBUG mods.betterfoliage.client.texture.StandardLeafRegistry: block state dynamictrees:leaves0[decayable=false,hydro=1,tree=0]
2021-10-29 15:16:30 DEBUG mods.betterfoliage.client.texture.StandardLeafRegistry:       class com.ferreusveritas.dynamictrees.blocks.BlockDynamicLeaves matches net.minecraft.block.BlockLeaves
2021-10-29 15:16:30 DEBUG mods.betterfoliage.client.texture.StandardLeafRegistry:       model minecraft:models/block/oak_leaves matches minecraft:block/leaves
2021-10-29 15:16:30 DEBUG mods.betterfoliage.client.texture.StandardLeafRegistry:       textures [all=blocks/leaves_oak]
2021-10-29 15:16:30 DEBUG mods.betterfoliage.client.texture.StandardLeafRegistry: block state dynamictrees:leaves0[decayable=false,hydro=1,tree=1]
2021-10-29 15:16:30 DEBUG mods.betterfoliage.client.texture.StandardLeafRegistry:       class com.ferreusveritas.dynamictrees.blocks.BlockDynamicLeaves matches net.minecraft.block.BlockLeaves
2021-10-29 15:16:30 DEBUG mods.betterfoliage.client.texture.StandardLeafRegistry:       model minecraft:models/block/spruce_leaves matches minecraft:block/leaves
2021-10-29 15:16:30 DEBUG mods.betterfoliage.client.texture.StandardLeafRegistry:       textures [all=blocks/leaves_spruce]
2021-10-29 15:16:30 DEBUG mods.betterfoliage.client.texture.StandardLeafRegistry: block state dynamictrees:leaves0[decayable=false,hydro=1,tree=2]
2021-10-29 15:16:30 DEBUG mods.betterfoliage.client.texture.StandardLeafRegistry:       class com.ferreusveritas.dynamictrees.blocks.BlockDynamicLeaves matches net.minecraft.block.BlockLeaves
2021-10-29 15:16:30 DEBUG mods.betterfoliage.client.texture.StandardLeafRegistry:       model minecraft:models/block/birch_leaves matches minecraft:block/leaves
2021-10-29 15:16:30 DEBUG mods.betterfoliage.client.texture.StandardLeafRegistry:       textures [all=blocks/leaves_birch]
2021-10-29 15:16:30 DEBUG mods.betterfoliage.client.texture.StandardLeafRegistry: block state dynamictrees:leaves0[decayable=false,hydro=1,tree=3]
2021-10-29 15:16:30 DEBUG mods.betterfoliage.client.texture.StandardLeafRegistry:       class com.ferreusveritas.dynamictrees.blocks.BlockDynamicLeaves matches net.minecraft.block.BlockLeaves
2021-10-29 15:16:30 DEBUG mods.betterfoliage.client.texture.StandardLeafRegistry:       model minecraft:models/block/jungle_leaves matches minecraft:block/leaves
2021-10-29 15:16:30 DEBUG mods.betterfoliage.client.texture.StandardLeafRegistry:       textures [all=blocks/leaves_jungle]
2021-10-29 15:16:30 DEBUG mods.betterfoliage.client.texture.StandardLeafRegistry: block state dynamictrees:leaves0[decayable=false,hydro=2,tree=0]
2021-10-29 15:16:30 DEBUG mods.betterfoliage.client.texture.StandardLeafRegistry:       class com.ferreusveritas.dynamictrees.blocks.BlockDynamicLeaves matches net.minecraft.block.BlockLeaves
2021-10-29 15:16:30 DEBUG mods.betterfoliage.client.texture.StandardLeafRegistry:       model minecraft:models/block/oak_leaves matches minecraft:block/leaves
2021-10-29 15:16:30 DEBUG mods.betterfoliage.client.texture.StandardLeafRegistry:       textures [all=blocks/leaves_oak]
2021-10-29 15:16:30 DEBUG mods.betterfoliage.client.texture.StandardLeafRegistry: block state dynamictrees:leaves0[decayable=false,hydro=2,tree=1]
2021-10-29 15:16:30 DEBUG mods.betterfoliage.client.texture.StandardLeafRegistry:       class com.ferreusveritas.dynamictrees.blocks.BlockDynamicLeaves matches net.minecraft.block.BlockLeaves
2021-10-29 15:16:30 DEBUG mods.betterfoliage.client.texture.StandardLeafRegistry:       model minecraft:models/block/spruce_leaves matches minecraft:block/leaves
2021-10-29 15:16:30 DEBUG mods.betterfoliage.client.texture.StandardLeafRegistry:       textures [all=blocks/leaves_spruce]
2021-10-29 15:16:30 DEBUG mods.betterfoliage.client.texture.StandardLeafRegistry: block state dynamictrees:leaves0[decayable=false,hydro=2,tree=2]
2021-10-29 15:16:30 DEBUG mods.betterfoliage.client.texture.StandardLeafRegistry:       class com.ferreusveritas.dynamictrees.blocks.BlockDynamicLeaves matches net.minecraft.block.BlockLeaves
2021-10-29 15:16:30 DEBUG mods.betterfoliage.client.texture.StandardLeafRegistry:       model minecraft:models/block/birch_leaves matches minecraft:block/leaves
2021-10-29 15:16:30 DEBUG mods.betterfoliage.client.texture.StandardLeafRegistry:       textures [all=blocks/leaves_birch]
2021-10-29 15:16:30 DEBUG mods.betterfoliage.client.texture.StandardLeafRegistry: block state dynamictrees:leaves0[decayable=false,hydro=2,tree=3]
2021-10-29 15:16:30 DEBUG mods.betterfoliage.client.texture.StandardLeafRegistry:       class com.ferreusveritas.dynamictrees.blocks.BlockDynamicLeaves matches net.minecraft.block.BlockLeaves
2021-10-29 15:16:30 DEBUG mods.betterfoliage.client.texture.StandardLeafRegistry:       model minecraft:models/block/jungle_leaves matches minecraft:block/leaves
2021-10-29 15:16:30 DEBUG mods.betterfoliage.client.texture.StandardLeafRegistry:       textures [all=blocks/leaves_jungle]
2021-10-29 15:16:30 DEBUG mods.betterfoliage.client.texture.StandardLeafRegistry: block state dynamictrees:leaves0[decayable=false,hydro=3,tree=0]
2021-10-29 15:16:30 DEBUG mods.betterfoliage.client.texture.StandardLeafRegistry:       class com.ferreusveritas.dynamictrees.blocks.BlockDynamicLeaves matches net.minecraft.block.BlockLeaves
2021-10-29 15:16:30 DEBUG mods.betterfoliage.client.texture.StandardLeafRegistry:       model minecraft:models/block/oak_leaves matches minecraft:block/leaves
2021-10-29 15:16:30 DEBUG mods.betterfoliage.client.texture.StandardLeafRegistry:       textures [all=blocks/leaves_oak]
2021-10-29 15:16:30 DEBUG mods.betterfoliage.client.texture.StandardLeafRegistry: block state dynamictrees:leaves0[decayable=false,hydro=3,tree=1]
2021-10-29 15:16:30 DEBUG mods.betterfoliage.client.texture.StandardLeafRegistry:       class com.ferreusveritas.dynamictrees.blocks.BlockDynamicLeaves matches net.minecraft.block.BlockLeaves
2021-10-29 15:16:30 DEBUG mods.betterfoliage.client.texture.StandardLeafRegistry:       model minecraft:models/block/spruce_leaves matches minecraft:block/leaves
2021-10-29 15:16:30 DEBUG mods.betterfoliage.client.texture.StandardLeafRegistry:       textures [all=blocks/leaves_spruce]
2021-10-29 15:16:30 DEBUG mods.betterfoliage.client.texture.StandardLeafRegistry: block state dynamictrees:leaves0[decayable=false,hydro=3,tree=2]
2021-10-29 15:16:30 DEBUG mods.betterfoliage.client.texture.StandardLeafRegistry:       class com.ferreusveritas.dynamictrees.blocks.BlockDynamicLeaves matches net.minecraft.block.BlockLeaves
2021-10-29 15:16:30 DEBUG mods.betterfoliage.client.texture.StandardLeafRegistry:       model minecraft:models/block/birch_leaves matches minecraft:block/leaves
2021-10-29 15:16:30 DEBUG mods.betterfoliage.client.texture.StandardLeafRegistry:       textures [all=blocks/leaves_birch]
2021-10-29 15:16:30 DEBUG mods.betterfoliage.client.texture.StandardLeafRegistry: block state dynamictrees:leaves0[decayable=false,hydro=3,tree=3]
2021-10-29 15:16:30 DEBUG mods.betterfoliage.client.texture.StandardLeafRegistry:       class com.ferreusveritas.dynamictrees.blocks.BlockDynamicLeaves matches net.minecraft.block.BlockLeaves
2021-10-29 15:16:30 DEBUG mods.betterfoliage.client.texture.StandardLeafRegistry:       model minecraft:models/block/jungle_leaves matches minecraft:block/leaves
2021-10-29 15:16:30 DEBUG mods.betterfoliage.client.texture.StandardLeafRegistry:       textures [all=blocks/leaves_jungle]
2021-10-29 15:16:30 DEBUG mods.betterfoliage.client.texture.StandardLeafRegistry: block state dynamictrees:leaves0[decayable=false,hydro=4,tree=0]
2021-10-29 15:16:30 DEBUG mods.betterfoliage.client.texture.StandardLeafRegistry:       class com.ferreusveritas.dynamictrees.blocks.BlockDynamicLeaves matches net.minecraft.block.BlockLeaves
2021-10-29 15:16:30 DEBUG mods.betterfoliage.client.texture.StandardLeafRegistry:       model minecraft:models/block/oak_leaves matches minecraft:block/leaves
2021-10-29 15:16:30 DEBUG mods.betterfoliage.client.texture.StandardLeafRegistry:       textures [all=blocks/leaves_oak]
2021-10-29 15:16:30 DEBUG mods.betterfoliage.client.texture.StandardLeafRegistry: block state dynamictrees:leaves0[decayable=false,hydro=4,tree=1]
2021-10-29 15:16:30 DEBUG mods.betterfoliage.client.texture.StandardLeafRegistry:       class com.ferreusveritas.dynamictrees.blocks.BlockDynamicLeaves matches net.minecraft.block.BlockLeaves
2021-10-29 15:16:30 DEBUG mods.betterfoliage.client.texture.StandardLeafRegistry:       model minecraft:models/block/spruce_leaves matches minecraft:block/leaves
2021-10-29 15:16:30 DEBUG mods.betterfoliage.client.texture.StandardLeafRegistry:       textures [all=blocks/leaves_spruce]
2021-10-29 15:16:30 DEBUG mods.betterfoliage.client.texture.StandardLeafRegistry: block state dynamictrees:leaves0[decayable=false,hydro=4,tree=2]
2021-10-29 15:16:30 DEBUG mods.betterfoliage.client.texture.StandardLeafRegistry:       class com.ferreusveritas.dynamictrees.blocks.BlockDynamicLeaves matches net.minecraft.block.BlockLeaves
2021-10-29 15:16:30 DEBUG mods.betterfoliage.client.texture.StandardLeafRegistry:       model minecraft:models/block/birch_leaves matches minecraft:block/leaves
2021-10-29 15:16:30 DEBUG mods.betterfoliage.client.texture.StandardLeafRegistry:       textures [all=blocks/leaves_birch]
2021-10-29 15:16:30 DEBUG mods.betterfoliage.client.texture.StandardLeafRegistry: block state dynamictrees:leaves0[decayable=false,hydro=4,tree=3]
2021-10-29 15:16:30 DEBUG mods.betterfoliage.client.texture.StandardLeafRegistry:       class com.ferreusveritas.dynamictrees.blocks.BlockDynamicLeaves matches net.minecraft.block.BlockLeaves
2021-10-29 15:16:30 DEBUG mods.betterfoliage.client.texture.StandardLeafRegistry:       model minecraft:models/block/jungle_leaves matches minecraft:block/leaves
2021-10-29 15:16:30 DEBUG mods.betterfoliage.client.texture.StandardLeafRegistry:       textures [all=blocks/leaves_jungle]
2021-10-29 15:16:30 DEBUG mods.betterfoliage.client.texture.StandardLeafRegistry: block state dynamictrees:leaves1[decayable=true,hydro=1,tree=0]
2021-10-29 15:16:30 DEBUG mods.betterfoliage.client.texture.StandardLeafRegistry:       class com.ferreusveritas.dynamictrees.blocks.BlockDynamicLeaves matches net.minecraft.block.BlockLeaves
2021-10-29 15:16:30 DEBUG mods.betterfoliage.client.texture.StandardLeafRegistry:       model minecraft:models/block/acacia_leaves matches minecraft:block/leaves
2021-10-29 15:16:30 DEBUG mods.betterfoliage.client.texture.StandardLeafRegistry:       textures [all=blocks/leaves_acacia]
2021-10-29 15:16:30 DEBUG mods.betterfoliage.client.texture.StandardLeafRegistry: block state dynamictrees:leaves1[decayable=true,hydro=1,tree=1]
2021-10-29 15:16:30 DEBUG mods.betterfoliage.client.texture.StandardLeafRegistry:       class com.ferreusveritas.dynamictrees.blocks.BlockDynamicLeaves matches net.minecraft.block.BlockLeaves
2021-10-29 15:16:30 DEBUG mods.betterfoliage.client.texture.StandardLeafRegistry:       model minecraft:models/block/dark_oak_leaves matches minecraft:block/leaves
2021-10-29 15:16:30 DEBUG mods.betterfoliage.client.texture.StandardLeafRegistry:       textures [all=blocks/leaves_big_oak]
2021-10-29 15:16:30 DEBUG mods.betterfoliage.client.texture.StandardLeafRegistry: block state dynamictrees:leaves1[decayable=true,hydro=2,tree=0]
2021-10-29 15:16:30 DEBUG mods.betterfoliage.client.texture.StandardLeafRegistry:       class com.ferreusveritas.dynamictrees.blocks.BlockDynamicLeaves matches net.minecraft.block.BlockLeaves
2021-10-29 15:16:30 DEBUG mods.betterfoliage.client.texture.StandardLeafRegistry:       model minecraft:models/block/acacia_leaves matches minecraft:block/leaves
2021-10-29 15:16:30 DEBUG mods.betterfoliage.client.texture.StandardLeafRegistry:       textures [all=blocks/leaves_acacia]
2021-10-29 15:16:30 DEBUG mods.betterfoliage.client.texture.StandardLeafRegistry: block state dynamictrees:leaves1[decayable=true,hydro=2,tree=1]
2021-10-29 15:16:30 DEBUG mods.betterfoliage.client.texture.StandardLeafRegistry:       class com.ferreusveritas.dynamictrees.blocks.BlockDynamicLeaves matches net.minecraft.block.BlockLeaves
2021-10-29 15:16:30 DEBUG mods.betterfoliage.client.texture.StandardLeafRegistry:       model minecraft:models/block/dark_oak_leaves matches minecraft:block/leaves
2021-10-29 15:16:30 DEBUG mods.betterfoliage.client.texture.StandardLeafRegistry:       textures [all=blocks/leaves_big_oak]
2021-10-29 15:16:30 DEBUG mods.betterfoliage.client.texture.StandardLeafRegistry: block state dynamictrees:leaves1[decayable=true,hydro=3,tree=0]
2021-10-29 15:16:30 DEBUG mods.betterfoliage.client.texture.StandardLeafRegistry:       class com.ferreusveritas.dynamictrees.blocks.BlockDynamicLeaves matches net.minecraft.block.BlockLeaves
2021-10-29 15:16:30 DEBUG mods.betterfoliage.client.texture.StandardLeafRegistry:       model minecraft:models/block/acacia_leaves matches minecraft:block/leaves
2021-10-29 15:16:30 DEBUG mods.betterfoliage.client.texture.StandardLeafRegistry:       textures [all=blocks/leaves_acacia]
2021-10-29 15:16:30 DEBUG mods.betterfoliage.client.texture.StandardLeafRegistry: block state dynamictrees:leaves1[decayable=true,hydro=3,tree=1]
2021-10-29 15:16:30 DEBUG mods.betterfoliage.client.texture.StandardLeafRegistry:       class com.ferreusveritas.dynamictrees.blocks.BlockDynamicLeaves matches net.minecraft.block.BlockLeaves
2021-10-29 15:16:30 DEBUG mods.betterfoliage.client.texture.StandardLeafRegistry:       model minecraft:models/block/dark_oak_leaves matches minecraft:block/leaves
2021-10-29 15:16:30 DEBUG mods.betterfoliage.client.texture.StandardLeafRegistry:       textures [all=blocks/leaves_big_oak]
2021-10-29 15:16:30 DEBUG mods.betterfoliage.client.texture.StandardLeafRegistry: block state dynamictrees:leaves1[decayable=true,hydro=4,tree=0]
2021-10-29 15:16:30 DEBUG mods.betterfoliage.client.texture.StandardLeafRegistry:       class com.ferreusveritas.dynamictrees.blocks.BlockDynamicLeaves matches net.minecraft.block.BlockLeaves
2021-10-29 15:16:30 DEBUG mods.betterfoliage.client.texture.StandardLeafRegistry:       model minecraft:models/block/acacia_leaves matches minecraft:block/leaves
2021-10-29 15:16:30 DEBUG mods.betterfoliage.client.texture.StandardLeafRegistry:       textures [all=blocks/leaves_acacia]
2021-10-29 15:16:30 DEBUG mods.betterfoliage.client.texture.StandardLeafRegistry: block state dynamictrees:leaves1[decayable=true,hydro=4,tree=1]
2021-10-29 15:16:30 DEBUG mods.betterfoliage.client.texture.StandardLeafRegistry:       class com.ferreusveritas.dynamictrees.blocks.BlockDynamicLeaves matches net.minecraft.block.BlockLeaves
2021-10-29 15:16:30 DEBUG mods.betterfoliage.client.texture.StandardLeafRegistry:       model minecraft:models/block/dark_oak_leaves matches minecraft:block/leaves
2021-10-29 15:16:30 DEBUG mods.betterfoliage.client.texture.StandardLeafRegistry:       textures [all=blocks/leaves_big_oak]
2021-10-29 15:16:30 DEBUG mods.betterfoliage.client.texture.StandardLeafRegistry: block state dynamictrees:leaves1[decayable=false,hydro=1,tree=0]
2021-10-29 15:16:30 DEBUG mods.betterfoliage.client.texture.StandardLeafRegistry:       class com.ferreusveritas.dynamictrees.blocks.BlockDynamicLeaves matches net.minecraft.block.BlockLeaves
2021-10-29 15:16:30 DEBUG mods.betterfoliage.client.texture.StandardLeafRegistry:       model minecraft:models/block/acacia_leaves matches minecraft:block/leaves
2021-10-29 15:16:30 DEBUG mods.betterfoliage.client.texture.StandardLeafRegistry:       textures [all=blocks/leaves_acacia]
2021-10-29 15:16:30 DEBUG mods.betterfoliage.client.texture.StandardLeafRegistry: block state dynamictrees:leaves1[decayable=false,hydro=1,tree=1]
2021-10-29 15:16:30 DEBUG mods.betterfoliage.client.texture.StandardLeafRegistry:       class com.ferreusveritas.dynamictrees.blocks.BlockDynamicLeaves matches net.minecraft.block.BlockLeaves
2021-10-29 15:16:30 DEBUG mods.betterfoliage.client.texture.StandardLeafRegistry:       model minecraft:models/block/dark_oak_leaves matches minecraft:block/leaves
2021-10-29 15:16:30 DEBUG mods.betterfoliage.client.texture.StandardLeafRegistry:       textures [all=blocks/leaves_big_oak]
2021-10-29 15:16:30 DEBUG mods.betterfoliage.client.texture.StandardLeafRegistry: block state dynamictrees:leaves1[decayable=false,hydro=2,tree=0]
2021-10-29 15:16:30 DEBUG mods.betterfoliage.client.texture.StandardLeafRegistry:       class com.ferreusveritas.dynamictrees.blocks.BlockDynamicLeaves matches net.minecraft.block.BlockLeaves
2021-10-29 15:16:30 DEBUG mods.betterfoliage.client.texture.StandardLeafRegistry:       model minecraft:models/block/acacia_leaves matches minecraft:block/leaves
2021-10-29 15:16:30 DEBUG mods.betterfoliage.client.texture.StandardLeafRegistry:       textures [all=blocks/leaves_acacia]
2021-10-29 15:16:30 DEBUG mods.betterfoliage.client.texture.StandardLeafRegistry: block state dynamictrees:leaves1[decayable=false,hydro=2,tree=1]
2021-10-29 15:16:30 DEBUG mods.betterfoliage.client.texture.StandardLeafRegistry:       class com.ferreusveritas.dynamictrees.blocks.BlockDynamicLeaves matches net.minecraft.block.BlockLeaves
2021-10-29 15:16:30 DEBUG mods.betterfoliage.client.texture.StandardLeafRegistry:       model minecraft:models/block/dark_oak_leaves matches minecraft:block/leaves
2021-10-29 15:16:30 DEBUG mods.betterfoliage.client.texture.StandardLeafRegistry:       textures [all=blocks/leaves_big_oak]
2021-10-29 15:16:30 DEBUG mods.betterfoliage.client.texture.StandardLeafRegistry: block state dynamictrees:leaves1[decayable=false,hydro=3,tree=0]
2021-10-29 15:16:30 DEBUG mods.betterfoliage.client.texture.StandardLeafRegistry:       class com.ferreusveritas.dynamictrees.blocks.BlockDynamicLeaves matches net.minecraft.block.BlockLeaves
2021-10-29 15:16:30 DEBUG mods.betterfoliage.client.texture.StandardLeafRegistry:       model minecraft:models/block/acacia_leaves matches minecraft:block/leaves
2021-10-29 15:16:30 DEBUG mods.betterfoliage.client.texture.StandardLeafRegistry:       textures [all=blocks/leaves_acacia]
2021-10-29 15:16:30 DEBUG mods.betterfoliage.client.texture.StandardLeafRegistry: block state dynamictrees:leaves1[decayable=false,hydro=3,tree=1]
2021-10-29 15:16:30 DEBUG mods.betterfoliage.client.texture.StandardLeafRegistry:       class com.ferreusveritas.dynamictrees.blocks.BlockDynamicLeaves matches net.minecraft.block.BlockLeaves
2021-10-29 15:16:30 DEBUG mods.betterfoliage.client.texture.StandardLeafRegistry:       model minecraft:models/block/dark_oak_leaves matches minecraft:block/leaves
2021-10-29 15:16:30 DEBUG mods.betterfoliage.client.texture.StandardLeafRegistry:       textures [all=blocks/leaves_big_oak]
2021-10-29 15:16:30 DEBUG mods.betterfoliage.client.texture.StandardLeafRegistry: block state dynamictrees:leaves1[decayable=false,hydro=4,tree=0]
2021-10-29 15:16:30 DEBUG mods.betterfoliage.client.texture.StandardLeafRegistry:       class com.ferreusveritas.dynamictrees.blocks.BlockDynamicLeaves matches net.minecraft.block.BlockLeaves
2021-10-29 15:16:30 DEBUG mods.betterfoliage.client.texture.StandardLeafRegistry:       model minecraft:models/block/acacia_leaves matches minecraft:block/leaves
2021-10-29 15:16:30 DEBUG mods.betterfoliage.client.texture.StandardLeafRegistry:       textures [all=blocks/leaves_acacia]
2021-10-29 15:16:30 DEBUG mods.betterfoliage.client.texture.StandardLeafRegistry: block state dynamictrees:leaves1[decayable=false,hydro=4,tree=1]
2021-10-29 15:16:30 DEBUG mods.betterfoliage.client.texture.StandardLeafRegistry:       class com.ferreusveritas.dynamictrees.blocks.BlockDynamicLeaves matches net.minecraft.block.BlockLeaves
2021-10-29 15:16:30 DEBUG mods.betterfoliage.client.texture.StandardLeafRegistry:       model minecraft:models/block/dark_oak_leaves matches minecraft:block/leaves
2021-10-29 15:16:30 DEBUG mods.betterfoliage.client.texture.StandardLeafRegistry:       textures [all=blocks/leaves_big_oak]
2021-10-29 15:16:30 DEBUG mods.betterfoliage.client.render.StandardLogRegistry: block state minecraft:log[axis=x,variant=oak]
2021-10-29 15:16:30 DEBUG mods.betterfoliage.client.render.StandardLogRegistry:       class net.minecraft.block.BlockOldLog matches net.minecraft.block.BlockLog
2021-10-29 15:16:30 DEBUG mods.betterfoliage.client.render.StandardLogRegistry:       model minecraft:models/block/oak_log matches minecraft:block/cube_column
2021-10-29 15:16:30 DEBUG mods.betterfoliage.client.render.StandardLogRegistry:       textures [end=blocks/log_oak_top, end=blocks/log_oak_top, side=blocks/log_oak]
2021-10-29 15:16:30 DEBUG mods.betterfoliage.client.render.StandardLogRegistry: block state minecraft:log[axis=x,variant=spruce]
2021-10-29 15:16:30 DEBUG mods.betterfoliage.client.render.StandardLogRegistry:       class net.minecraft.block.BlockOldLog matches net.minecraft.block.BlockLog
2021-10-29 15:16:30 DEBUG mods.betterfoliage.client.render.StandardLogRegistry:       model minecraft:models/block/spruce_log matches minecraft:block/cube_column
2021-10-29 15:16:30 DEBUG mods.betterfoliage.client.render.StandardLogRegistry:       textures [end=blocks/log_spruce_top, end=blocks/log_spruce_top, side=blocks/log_spruce]
2021-10-29 15:16:30 DEBUG mods.betterfoliage.client.render.StandardLogRegistry: block state minecraft:log[axis=x,variant=birch]
2021-10-29 15:16:30 DEBUG mods.betterfoliage.client.render.StandardLogRegistry:       class net.minecraft.block.BlockOldLog matches net.minecraft.block.BlockLog
2021-10-29 15:16:30 DEBUG mods.betterfoliage.client.render.StandardLogRegistry:       model minecraft:models/block/birch_log matches minecraft:block/cube_column
2021-10-29 15:16:30 DEBUG mods.betterfoliage.client.render.StandardLogRegistry:       textures [end=blocks/log_birch_top, end=blocks/log_birch_top, side=blocks/log_birch]
2021-10-29 15:16:30 DEBUG mods.betterfoliage.client.render.StandardLogRegistry: block state minecraft:log[axis=x,variant=jungle]
2021-10-29 15:16:30 DEBUG mods.betterfoliage.client.render.StandardLogRegistry:       class net.minecraft.block.BlockOldLog matches net.minecraft.block.BlockLog
2021-10-29 15:16:30 DEBUG mods.betterfoliage.client.render.StandardLogRegistry:       model minecraft:models/block/jungle_log matches minecraft:block/cube_column
2021-10-29 15:16:30 DEBUG mods.betterfoliage.client.render.StandardLogRegistry:       textures [end=blocks/log_jungle_top, end=blocks/log_jungle_top, side=blocks/log_jungle]
2021-10-29 15:16:30 DEBUG mods.betterfoliage.client.render.StandardLogRegistry: block state minecraft:log[axis=y,variant=oak]
2021-10-29 15:16:30 DEBUG mods.betterfoliage.client.render.StandardLogRegistry:       class net.minecraft.block.BlockOldLog matches net.minecraft.block.BlockLog
2021-10-29 15:16:30 DEBUG mods.betterfoliage.client.render.StandardLogRegistry:       model minecraft:models/block/oak_log matches minecraft:block/cube_column
2021-10-29 15:16:30 DEBUG mods.betterfoliage.client.render.StandardLogRegistry:       textures [end=blocks/log_oak_top, end=blocks/log_oak_top, side=blocks/log_oak]
2021-10-29 15:16:30 DEBUG mods.betterfoliage.client.render.StandardLogRegistry: block state minecraft:log[axis=y,variant=spruce]
2021-10-29 15:16:30 DEBUG mods.betterfoliage.client.render.StandardLogRegistry:       class net.minecraft.block.BlockOldLog matches net.minecraft.block.BlockLog
2021-10-29 15:16:30 DEBUG mods.betterfoliage.client.render.StandardLogRegistry:       model minecraft:models/block/spruce_log matches minecraft:block/cube_column
2021-10-29 15:16:30 DEBUG mods.betterfoliage.client.render.StandardLogRegistry:       textures [end=blocks/log_spruce_top, end=blocks/log_spruce_top, side=blocks/log_spruce]
2021-10-29 15:16:30 DEBUG mods.betterfoliage.client.render.StandardLogRegistry: block state minecraft:log[axis=y,variant=birch]
2021-10-29 15:16:30 DEBUG mods.betterfoliage.client.render.StandardLogRegistry:       class net.minecraft.block.BlockOldLog matches net.minecraft.block.BlockLog
2021-10-29 15:16:30 DEBUG mods.betterfoliage.client.render.StandardLogRegistry:       model minecraft:models/block/birch_log matches minecraft:block/cube_column
2021-10-29 15:16:30 DEBUG mods.betterfoliage.client.render.StandardLogRegistry:       textures [end=blocks/log_birch_top, end=blocks/log_birch_top, side=blocks/log_birch]
2021-10-29 15:16:30 DEBUG mods.betterfoliage.client.render.StandardLogRegistry: block state minecraft:log[axis=y,variant=jungle]
2021-10-29 15:16:30 DEBUG mods.betterfoliage.client.render.StandardLogRegistry:       class net.minecraft.block.BlockOldLog matches net.minecraft.block.BlockLog
2021-10-29 15:16:30 DEBUG mods.betterfoliage.client.render.StandardLogRegistry:       model minecraft:models/block/jungle_log matches minecraft:block/cube_column
2021-10-29 15:16:30 DEBUG mods.betterfoliage.client.render.StandardLogRegistry:       textures [end=blocks/log_jungle_top, end=blocks/log_jungle_top, side=blocks/log_jungle]
2021-10-29 15:16:30 DEBUG mods.betterfoliage.client.render.StandardLogRegistry: block state minecraft:log[axis=z,variant=oak]
2021-10-29 15:16:30 DEBUG mods.betterfoliage.client.render.StandardLogRegistry:       class net.minecraft.block.BlockOldLog matches net.minecraft.block.BlockLog
2021-10-29 15:16:30 DEBUG mods.betterfoliage.client.render.StandardLogRegistry:       model minecraft:models/block/oak_log matches minecraft:block/cube_column
2021-10-29 15:16:30 DEBUG mods.betterfoliage.client.render.StandardLogRegistry:       textures [end=blocks/log_oak_top, end=blocks/log_oak_top, side=blocks/log_oak]
2021-10-29 15:16:30 DEBUG mods.betterfoliage.client.render.StandardLogRegistry: block state minecraft:log[axis=z,variant=spruce]
2021-10-29 15:16:30 DEBUG mods.betterfoliage.client.render.StandardLogRegistry:       class net.minecraft.block.BlockOldLog matches net.minecraft.block.BlockLog
2021-10-29 15:16:30 DEBUG mods.betterfoliage.client.render.StandardLogRegistry:       model minecraft:models/block/spruce_log matches minecraft:block/cube_column
2021-10-29 15:16:30 DEBUG mods.betterfoliage.client.render.StandardLogRegistry:       textures [end=blocks/log_spruce_top, end=blocks/log_spruce_top, side=blocks/log_spruce]
2021-10-29 15:16:30 DEBUG mods.betterfoliage.client.render.StandardLogRegistry: block state minecraft:log[axis=z,variant=birch]
2021-10-29 15:16:30 DEBUG mods.betterfoliage.client.render.StandardLogRegistry:       class net.minecraft.block.BlockOldLog matches net.minecraft.block.BlockLog
2021-10-29 15:16:30 DEBUG mods.betterfoliage.client.render.StandardLogRegistry:       model minecraft:models/block/birch_log matches minecraft:block/cube_column
2021-10-29 15:16:30 DEBUG mods.betterfoliage.client.render.StandardLogRegistry:       textures [end=blocks/log_birch_top, end=blocks/log_birch_top, side=blocks/log_birch]
2021-10-29 15:16:30 DEBUG mods.betterfoliage.client.render.StandardLogRegistry: block state minecraft:log[axis=z,variant=jungle]
2021-10-29 15:16:30 DEBUG mods.betterfoliage.client.render.StandardLogRegistry:       class net.minecraft.block.BlockOldLog matches net.minecraft.block.BlockLog
2021-10-29 15:16:30 DEBUG mods.betterfoliage.client.render.StandardLogRegistry:       model minecraft:models/block/jungle_log matches minecraft:block/cube_column
2021-10-29 15:16:30 DEBUG mods.betterfoliage.client.render.StandardLogRegistry:       textures [end=blocks/log_jungle_top, end=blocks/log_jungle_top, side=blocks/log_jungle]
2021-10-29 15:16:30 DEBUG mods.betterfoliage.client.render.StandardLogRegistry: block state minecraft:log[axis=none,variant=oak]
2021-10-29 15:16:30 DEBUG mods.betterfoliage.client.render.StandardLogRegistry:       class net.minecraft.block.BlockOldLog matches net.minecraft.block.BlockLog
2021-10-29 15:16:30 DEBUG mods.betterfoliage.client.render.StandardLogRegistry:       model minecraft:models/block/oak_bark matches minecraft:block/cube_all
2021-10-29 15:16:30 DEBUG mods.betterfoliage.client.render.StandardLogRegistry:       textures [all=blocks/log_oak, all=blocks/log_oak, all=blocks/log_oak]
2021-10-29 15:16:30 DEBUG mods.betterfoliage.client.render.StandardLogRegistry: block state minecraft:log[axis=none,variant=spruce]
2021-10-29 15:16:30 DEBUG mods.betterfoliage.client.render.StandardLogRegistry:       class net.minecraft.block.BlockOldLog matches net.minecraft.block.BlockLog
2021-10-29 15:16:30 DEBUG mods.betterfoliage.client.render.StandardLogRegistry:       model minecraft:models/block/spruce_bark matches minecraft:block/cube_all
2021-10-29 15:16:30 DEBUG mods.betterfoliage.client.render.StandardLogRegistry:       textures [all=blocks/log_spruce, all=blocks/log_spruce, all=blocks/log_spruce]
2021-10-29 15:16:30 DEBUG mods.betterfoliage.client.render.StandardLogRegistry: block state minecraft:log[axis=none,variant=birch]
2021-10-29 15:16:30 DEBUG mods.betterfoliage.client.render.StandardLogRegistry:       class net.minecraft.block.BlockOldLog matches net.minecraft.block.BlockLog
2021-10-29 15:16:30 DEBUG mods.betterfoliage.client.render.StandardLogRegistry:       model minecraft:models/block/birch_bark matches minecraft:block/cube_all
2021-10-29 15:16:30 DEBUG mods.betterfoliage.client.render.StandardLogRegistry:       textures [all=blocks/log_birch, all=blocks/log_birch, all=blocks/log_birch]
2021-10-29 15:16:30 DEBUG mods.betterfoliage.client.render.StandardLogRegistry: block state minecraft:log[axis=none,variant=jungle]
2021-10-29 15:16:30 DEBUG mods.betterfoliage.client.render.StandardLogRegistry:       class net.minecraft.block.BlockOldLog matches net.minecraft.block.BlockLog
2021-10-29 15:16:30 DEBUG mods.betterfoliage.client.render.StandardLogRegistry:       model minecraft:models/block/jungle_bark matches minecraft:block/cube_all
2021-10-29 15:16:30 DEBUG mods.betterfoliage.client.render.StandardLogRegistry:       textures [all=blocks/log_jungle, all=blocks/log_jungle, all=blocks/log_jungle]
2021-10-29 15:16:30 DEBUG mods.betterfoliage.client.render.StandardLogRegistry: block state minecraft:log2[axis=x,variant=acacia]
2021-10-29 15:16:30 DEBUG mods.betterfoliage.client.render.StandardLogRegistry:       class net.minecraft.block.BlockNewLog matches net.minecraft.block.BlockLog
2021-10-29 15:16:30 DEBUG mods.betterfoliage.client.render.StandardLogRegistry:       model minecraft:models/block/acacia_log matches minecraft:block/cube_column
2021-10-29 15:16:30 DEBUG mods.betterfoliage.client.render.StandardLogRegistry:       textures [end=blocks/log_acacia_top, end=blocks/log_acacia_top, side=blocks/log_acacia]
2021-10-29 15:16:30 DEBUG mods.betterfoliage.client.render.StandardLogRegistry: block state minecraft:log2[axis=x,variant=dark_oak]
2021-10-29 15:16:30 DEBUG mods.betterfoliage.client.render.StandardLogRegistry:       class net.minecraft.block.BlockNewLog matches net.minecraft.block.BlockLog
2021-10-29 15:16:30 DEBUG mods.betterfoliage.client.render.StandardLogRegistry:       model minecraft:models/block/dark_oak_log matches minecraft:block/cube_column
2021-10-29 15:16:30 DEBUG mods.betterfoliage.client.render.StandardLogRegistry:       textures [end=blocks/log_big_oak_top, end=blocks/log_big_oak_top, side=blocks/log_big_oak]
2021-10-29 15:16:30 DEBUG mods.betterfoliage.client.render.StandardLogRegistry: block state minecraft:log2[axis=y,variant=acacia]
2021-10-29 15:16:30 DEBUG mods.betterfoliage.client.render.StandardLogRegistry:       class net.minecraft.block.BlockNewLog matches net.minecraft.block.BlockLog
2021-10-29 15:16:30 DEBUG mods.betterfoliage.client.render.StandardLogRegistry:       model minecraft:models/block/acacia_log matches minecraft:block/cube_column
2021-10-29 15:16:30 DEBUG mods.betterfoliage.client.render.StandardLogRegistry:       textures [end=blocks/log_acacia_top, end=blocks/log_acacia_top, side=blocks/log_acacia]
2021-10-29 15:16:30 DEBUG mods.betterfoliage.client.render.StandardLogRegistry: block state minecraft:log2[axis=y,variant=dark_oak]
2021-10-29 15:16:30 DEBUG mods.betterfoliage.client.render.StandardLogRegistry:       class net.minecraft.block.BlockNewLog matches net.minecraft.block.BlockLog
2021-10-29 15:16:30 DEBUG mods.betterfoliage.client.render.StandardLogRegistry:       model minecraft:models/block/dark_oak_log matches minecraft:block/cube_column
2021-10-29 15:16:30 DEBUG mods.betterfoliage.client.render.StandardLogRegistry:       textures [end=blocks/log_big_oak_top, end=blocks/log_big_oak_top, side=blocks/log_big_oak]
2021-10-29 15:16:30 DEBUG mods.betterfoliage.client.render.StandardLogRegistry: block state minecraft:log2[axis=z,variant=acacia]
2021-10-29 15:16:30 DEBUG mods.betterfoliage.client.render.StandardLogRegistry:       class net.minecraft.block.BlockNewLog matches net.minecraft.block.BlockLog
2021-10-29 15:16:30 DEBUG mods.betterfoliage.client.render.StandardLogRegistry:       model minecraft:models/block/acacia_log matches minecraft:block/cube_column
2021-10-29 15:16:30 DEBUG mods.betterfoliage.client.render.StandardLogRegistry:       textures [end=blocks/log_acacia_top, end=blocks/log_acacia_top, side=blocks/log_acacia]
2021-10-29 15:16:30 DEBUG mods.betterfoliage.client.render.StandardLogRegistry: block state minecraft:log2[axis=z,variant=dark_oak]
2021-10-29 15:16:30 DEBUG mods.betterfoliage.client.render.StandardLogRegistry:       class net.minecraft.block.BlockNewLog matches net.minecraft.block.BlockLog
2021-10-29 15:16:30 DEBUG mods.betterfoliage.client.render.StandardLogRegistry:       model minecraft:models/block/dark_oak_log matches minecraft:block/cube_column
2021-10-29 15:16:30 DEBUG mods.betterfoliage.client.render.StandardLogRegistry:       textures [end=blocks/log_big_oak_top, end=blocks/log_big_oak_top, side=blocks/log_big_oak]
2021-10-29 15:16:30 DEBUG mods.betterfoliage.client.render.StandardLogRegistry: block state minecraft:log2[axis=none,variant=acacia]
2021-10-29 15:16:30 DEBUG mods.betterfoliage.client.render.StandardLogRegistry:       class net.minecraft.block.BlockNewLog matches net.minecraft.block.BlockLog
2021-10-29 15:16:30 DEBUG mods.betterfoliage.client.render.StandardLogRegistry:       model minecraft:models/block/acacia_bark matches minecraft:block/cube_all
2021-10-29 15:16:30 DEBUG mods.betterfoliage.client.render.StandardLogRegistry:       textures [all=blocks/log_acacia, all=blocks/log_acacia, all=blocks/log_acacia]
2021-10-29 15:16:30 DEBUG mods.betterfoliage.client.render.StandardLogRegistry: block state minecraft:log2[axis=none,variant=dark_oak]
2021-10-29 15:16:30 DEBUG mods.betterfoliage.client.render.StandardLogRegistry:       class net.minecraft.block.BlockNewLog matches net.minecraft.block.BlockLog
2021-10-29 15:16:30 DEBUG mods.betterfoliage.client.render.StandardLogRegistry:       model minecraft:models/block/dark_oak_bark matches minecraft:block/cube_all
2021-10-29 15:16:30 DEBUG mods.betterfoliage.client.render.StandardLogRegistry:       textures [all=blocks/log_big_oak, all=blocks/log_big_oak, all=blocks/log_big_oak]
2021-10-29 15:16:30 DEBUG mods.betterfoliage.client.render.StandardLogRegistry: block state betterwithmods:blood_log[axis=x,expandable=true]
2021-10-29 15:16:30 DEBUG mods.betterfoliage.client.render.StandardLogRegistry:       class betterwithmods.common.blocks.BlockBloodLog matches net.minecraft.block.BlockLog
2021-10-29 15:16:30 DEBUG mods.betterfoliage.client.render.StandardLogRegistry:       model betterwithmods:models/block/blood_wood matches minecraft:block/cube_column
2021-10-29 15:16:30 DEBUG mods.betterfoliage.client.render.StandardLogRegistry:       textures [end=betterwithmods:blocks/blood_wood_top, end=betterwithmods:blocks/blood_wood_top, side=betterwithmods:blocks/blood_wood_side]
2021-10-29 15:16:30 DEBUG mods.betterfoliage.client.render.StandardLogRegistry: block state betterwithmods:blood_log[axis=x,expandable=false]
2021-10-29 15:16:30 DEBUG mods.betterfoliage.client.render.StandardLogRegistry:       class betterwithmods.common.blocks.BlockBloodLog matches net.minecraft.block.BlockLog
2021-10-29 15:16:30 DEBUG mods.betterfoliage.client.render.StandardLogRegistry:       model betterwithmods:models/block/blood_wood matches minecraft:block/cube_column
2021-10-29 15:16:30 DEBUG mods.betterfoliage.client.render.StandardLogRegistry:       textures [end=betterwithmods:blocks/blood_wood_top, end=betterwithmods:blocks/blood_wood_top, side=betterwithmods:blocks/blood_wood_side]
2021-10-29 15:16:30 DEBUG mods.betterfoliage.client.render.StandardLogRegistry: block state betterwithmods:blood_log[axis=y,expandable=true]
2021-10-29 15:16:30 DEBUG mods.betterfoliage.client.render.StandardLogRegistry:       class betterwithmods.common.blocks.BlockBloodLog matches net.minecraft.block.BlockLog
2021-10-29 15:16:30 DEBUG mods.betterfoliage.client.render.StandardLogRegistry:       model betterwithmods:models/block/blood_wood matches minecraft:block/cube_column
2021-10-29 15:16:30 DEBUG mods.betterfoliage.client.render.StandardLogRegistry:       textures [end=betterwithmods:blocks/blood_wood_top, end=betterwithmods:blocks/blood_wood_top, side=betterwithmods:blocks/blood_wood_side]
2021-10-29 15:16:30 DEBUG mods.betterfoliage.client.render.StandardLogRegistry: block state betterwithmods:blood_log[axis=y,expandable=false]
2021-10-29 15:16:30 DEBUG mods.betterfoliage.client.render.StandardLogRegistry:       class betterwithmods.common.blocks.BlockBloodLog matches net.minecraft.block.BlockLog
2021-10-29 15:16:30 DEBUG mods.betterfoliage.client.render.StandardLogRegistry:       model betterwithmods:models/block/blood_wood matches minecraft:block/cube_column
2021-10-29 15:16:30 DEBUG mods.betterfoliage.client.render.StandardLogRegistry:       textures [end=betterwithmods:blocks/blood_wood_top, end=betterwithmods:blocks/blood_wood_top, side=betterwithmods:blocks/blood_wood_side]
2021-10-29 15:16:30 DEBUG mods.betterfoliage.client.render.StandardLogRegistry: block state betterwithmods:blood_log[axis=z,expandable=true]
2021-10-29 15:16:30 DEBUG mods.betterfoliage.client.render.StandardLogRegistry:       class betterwithmods.common.blocks.BlockBloodLog matches net.minecraft.block.BlockLog
2021-10-29 15:16:30 DEBUG mods.betterfoliage.client.render.StandardLogRegistry:       model betterwithmods:models/block/blood_wood matches minecraft:block/cube_column
2021-10-29 15:16:30 DEBUG mods.betterfoliage.client.render.StandardLogRegistry:       textures [end=betterwithmods:blocks/blood_wood_top, end=betterwithmods:blocks/blood_wood_top, side=betterwithmods:blocks/blood_wood_side]
2021-10-29 15:16:30 DEBUG mods.betterfoliage.client.render.StandardLogRegistry: block state betterwithmods:blood_log[axis=z,expandable=false]
2021-10-29 15:16:30 DEBUG mods.betterfoliage.client.render.StandardLogRegistry:       class betterwithmods.common.blocks.BlockBloodLog matches net.minecraft.block.BlockLog
2021-10-29 15:16:30 DEBUG mods.betterfoliage.client.render.StandardLogRegistry:       model betterwithmods:models/block/blood_wood matches minecraft:block/cube_column
2021-10-29 15:16:30 DEBUG mods.betterfoliage.client.render.StandardLogRegistry:       textures [end=betterwithmods:blocks/blood_wood_top, end=betterwithmods:blocks/blood_wood_top, side=betterwithmods:blocks/blood_wood_side]
2021-10-29 15:16:30 DEBUG mods.betterfoliage.client.render.StandardLogRegistry: block state betterwithmods:blood_log[axis=none,expandable=true]
2021-10-29 15:16:30 DEBUG mods.betterfoliage.client.render.StandardLogRegistry:       class betterwithmods.common.blocks.BlockBloodLog matches net.minecraft.block.BlockLog
2021-10-29 15:16:30 DEBUG mods.betterfoliage.client.render.StandardLogRegistry:       model minecraft:models/block/cube_all matches minecraft:block/cube_all
2021-10-29 15:16:30 DEBUG mods.betterfoliage.client.render.StandardLogRegistry:       textures [all=betterwithmods:blocks/blood_wood_side, all=betterwithmods:blocks/blood_wood_side, all=betterwithmods:blocks/blood_wood_side]
2021-10-29 15:16:30 DEBUG mods.betterfoliage.client.render.StandardLogRegistry: block state betterwithmods:blood_log[axis=none,expandable=false]
2021-10-29 15:16:30 DEBUG mods.betterfoliage.client.render.StandardLogRegistry:       class betterwithmods.common.blocks.BlockBloodLog matches net.minecraft.block.BlockLog
2021-10-29 15:16:30 DEBUG mods.betterfoliage.client.render.StandardLogRegistry:       model minecraft:models/block/cube_all matches minecraft:block/cube_all
2021-10-29 15:16:30 DEBUG mods.betterfoliage.client.render.StandardLogRegistry:       textures [all=betterwithmods:blocks/blood_wood_side, all=betterwithmods:blocks/blood_wood_side, all=betterwithmods:blocks/blood_wood_side]
2021-10-29 15:16:30 INFO Registered 5 grass textures
2021-10-29 15:16:30 INFO Registered 2 snowed grass textures
2021-10-29 15:16:30 INFO Registered 4 mycelium textures
2021-10-29 15:16:30 INFO Registered 2 cactus arm textures
2021-10-29 15:16:30 INFO Registered 3 lilypad root textures
2021-10-29 15:16:30 INFO Registered 2 lilypad flower textures
2021-10-29 15:16:30 INFO Registered 4 reed textures
2021-10-29 15:16:30 INFO Registered 4 algae textures
2021-10-29 15:16:30 INFO Registered 6 coral textures
2021-10-29 15:16:30 INFO Registered 4 coral crust textures
2021-10-29 15:16:30 INFO Registered 3 netherrack textures
2021-10-29 15:16:30 INFO Registered 2 soul particle textures
2021-10-29 15:16:30 DEBUG StandardLeafKey: leaf texture   blocks/leaves_oak
2021-10-29 15:16:30 DEBUG StandardLeafKey:      particle default
2021-10-29 15:16:30 DEBUG StandardLeafKey: leaf texture   blocks/leaves_spruce
2021-10-29 15:16:30 DEBUG StandardLeafKey:      particle spruce
2021-10-29 15:16:30 DEBUG StandardLeafKey: leaf texture   blocks/leaves_birch
2021-10-29 15:16:30 DEBUG StandardLeafKey:      particle default
2021-10-29 15:16:30 DEBUG StandardLeafKey: leaf texture   blocks/leaves_jungle
2021-10-29 15:16:30 DEBUG StandardLeafKey:      particle jungle
2021-10-29 15:16:30 DEBUG StandardLeafKey: leaf texture   blocks/leaves_oak
2021-10-29 15:16:30 DEBUG StandardLeafKey:      particle default
2021-10-29 15:16:30 DEBUG StandardLeafKey: leaf texture   blocks/leaves_spruce
2021-10-29 15:16:30 DEBUG StandardLeafKey:      particle spruce
2021-10-29 15:16:30 DEBUG StandardLeafKey: leaf texture   blocks/leaves_birch
2021-10-29 15:16:30 DEBUG StandardLeafKey:      particle default
2021-10-29 15:16:30 DEBUG StandardLeafKey: leaf texture   blocks/leaves_jungle
2021-10-29 15:16:30 DEBUG StandardLeafKey:      particle jungle
2021-10-29 15:16:30 DEBUG StandardLeafKey: leaf texture   blocks/leaves_oak
2021-10-29 15:16:30 DEBUG StandardLeafKey:      particle default
2021-10-29 15:16:30 DEBUG StandardLeafKey: leaf texture   blocks/leaves_spruce
2021-10-29 15:16:30 DEBUG StandardLeafKey:      particle spruce
2021-10-29 15:16:30 DEBUG StandardLeafKey: leaf texture   blocks/leaves_birch
2021-10-29 15:16:30 DEBUG StandardLeafKey:      particle default
2021-10-29 15:16:30 DEBUG StandardLeafKey: leaf texture   blocks/leaves_jungle
2021-10-29 15:16:30 DEBUG StandardLeafKey:      particle jungle
2021-10-29 15:16:30 DEBUG StandardLeafKey: leaf texture   blocks/leaves_oak
2021-10-29 15:16:30 DEBUG StandardLeafKey:      particle default
2021-10-29 15:16:30 DEBUG StandardLeafKey: leaf texture   blocks/leaves_spruce
2021-10-29 15:16:30 DEBUG StandardLeafKey:      particle spruce
2021-10-29 15:16:30 DEBUG StandardLeafKey: leaf texture   blocks/leaves_birch
2021-10-29 15:16:30 DEBUG StandardLeafKey:      particle default
2021-10-29 15:16:30 DEBUG StandardLeafKey: leaf texture   blocks/leaves_jungle
2021-10-29 15:16:30 DEBUG StandardLeafKey:      particle jungle
2021-10-29 15:16:30 DEBUG StandardLeafKey: leaf texture   blocks/leaves_acacia
2021-10-29 15:16:30 DEBUG StandardLeafKey:      particle default
2021-10-29 15:16:30 DEBUG StandardLeafKey: leaf texture   blocks/leaves_big_oak
2021-10-29 15:16:30 DEBUG StandardLeafKey:      particle default
2021-10-29 15:16:30 DEBUG StandardLeafKey: leaf texture   blocks/leaves_acacia
2021-10-29 15:16:30 DEBUG StandardLeafKey:      particle default
2021-10-29 15:16:30 DEBUG StandardLeafKey: leaf texture   blocks/leaves_big_oak
2021-10-29 15:16:30 DEBUG StandardLeafKey:      particle default
2021-10-29 15:16:30 DEBUG StandardLeafKey: leaf texture   blocks/leaves_acacia
2021-10-29 15:16:30 DEBUG StandardLeafKey:      particle default
2021-10-29 15:16:30 DEBUG StandardLeafKey: leaf texture   blocks/leaves_big_oak
2021-10-29 15:16:30 DEBUG StandardLeafKey:      particle default
2021-10-29 15:16:30 DEBUG StandardLeafKey: leaf texture   blocks/leaves_acacia
2021-10-29 15:16:30 DEBUG StandardLeafKey:      particle default
2021-10-29 15:16:30 DEBUG StandardLeafKey: leaf texture   blocks/leaves_big_oak
2021-10-29 15:16:30 DEBUG StandardLeafKey:      particle default
2021-10-29 15:16:30 DEBUG StandardLeafKey: leaf texture   blocks/leaves_oak
2021-10-29 15:16:30 DEBUG StandardLeafKey:      particle default
2021-10-29 15:16:30 DEBUG StandardLeafKey: leaf texture   blocks/leaves_oak
2021-10-29 15:16:30 DEBUG StandardLeafKey:      particle default
2021-10-29 15:16:30 DEBUG StandardLeafKey: leaf texture   blocks/leaves_oak
2021-10-29 15:16:30 DEBUG StandardLeafKey:      particle default
2021-10-29 15:16:30 DEBUG StandardLeafKey: leaf texture   blocks/leaves_oak
2021-10-29 15:16:30 DEBUG StandardLeafKey:      particle default
2021-10-29 15:16:30 DEBUG StandardLeafKey: leaf texture   blocks/leaves_oak
2021-10-29 15:16:30 DEBUG StandardLeafKey:      particle default
2021-10-29 15:16:30 DEBUG StandardLeafKey: leaf texture   blocks/leaves_spruce
2021-10-29 15:16:30 DEBUG StandardLeafKey:      particle spruce
2021-10-29 15:16:30 DEBUG StandardLeafKey: leaf texture   blocks/leaves_birch
2021-10-29 15:16:30 DEBUG StandardLeafKey:      particle default
2021-10-29 15:16:30 DEBUG StandardLeafKey: leaf texture   blocks/leaves_jungle
2021-10-29 15:16:30 DEBUG StandardLeafKey:      particle jungle
2021-10-29 15:16:30 DEBUG StandardLeafKey: leaf texture   blocks/leaves_oak
2021-10-29 15:16:30 DEBUG StandardLeafKey:      particle default
2021-10-29 15:16:30 DEBUG StandardLeafKey: leaf texture   blocks/leaves_spruce
2021-10-29 15:16:30 DEBUG StandardLeafKey:      particle spruce
2021-10-29 15:16:30 DEBUG StandardLeafKey: leaf texture   blocks/leaves_birch
2021-10-29 15:16:30 DEBUG StandardLeafKey:      particle default
2021-10-29 15:16:30 DEBUG StandardLeafKey: leaf texture   blocks/leaves_jungle
2021-10-29 15:16:30 DEBUG StandardLeafKey:      particle jungle
2021-10-29 15:16:30 DEBUG StandardLeafKey: leaf texture   blocks/leaves_oak
2021-10-29 15:16:30 DEBUG StandardLeafKey:      particle default
2021-10-29 15:16:30 DEBUG StandardLeafKey: leaf texture   blocks/leaves_spruce
2021-10-29 15:16:30 DEBUG StandardLeafKey:      particle spruce
2021-10-29 15:16:30 DEBUG StandardLeafKey: leaf texture   blocks/leaves_birch
2021-10-29 15:16:30 DEBUG StandardLeafKey:      particle default
2021-10-29 15:16:30 DEBUG StandardLeafKey: leaf texture   blocks/leaves_jungle
2021-10-29 15:16:30 DEBUG StandardLeafKey:      particle jungle
2021-10-29 15:16:30 DEBUG StandardLeafKey: leaf texture   blocks/leaves_oak
2021-10-29 15:16:30 DEBUG StandardLeafKey:      particle default
2021-10-29 15:16:30 DEBUG StandardLeafKey: leaf texture   blocks/leaves_spruce
2021-10-29 15:16:30 DEBUG StandardLeafKey:      particle spruce
2021-10-29 15:16:30 DEBUG StandardLeafKey: leaf texture   blocks/leaves_birch
2021-10-29 15:16:30 DEBUG StandardLeafKey:      particle default
2021-10-29 15:16:30 DEBUG StandardLeafKey: leaf texture   blocks/leaves_jungle
2021-10-29 15:16:30 DEBUG StandardLeafKey:      particle jungle
2021-10-29 15:16:30 DEBUG StandardLeafKey: leaf texture   blocks/leaves_oak
2021-10-29 15:16:30 DEBUG StandardLeafKey:      particle default
2021-10-29 15:16:30 DEBUG StandardLeafKey: leaf texture   blocks/leaves_spruce
2021-10-29 15:16:30 DEBUG StandardLeafKey:      particle spruce
2021-10-29 15:16:30 DEBUG StandardLeafKey: leaf texture   blocks/leaves_birch
2021-10-29 15:16:30 DEBUG StandardLeafKey:      particle default
2021-10-29 15:16:30 DEBUG StandardLeafKey: leaf texture   blocks/leaves_jungle
2021-10-29 15:16:30 DEBUG StandardLeafKey:      particle jungle
2021-10-29 15:16:30 DEBUG StandardLeafKey: leaf texture   blocks/leaves_oak
2021-10-29 15:16:30 DEBUG StandardLeafKey:      particle default
2021-10-29 15:16:30 DEBUG StandardLeafKey: leaf texture   blocks/leaves_spruce
2021-10-29 15:16:30 DEBUG StandardLeafKey:      particle spruce
2021-10-29 15:16:30 DEBUG StandardLeafKey: leaf texture   blocks/leaves_birch
2021-10-29 15:16:30 DEBUG StandardLeafKey:      particle default
2021-10-29 15:16:30 DEBUG StandardLeafKey: leaf texture   blocks/leaves_jungle
2021-10-29 15:16:30 DEBUG StandardLeafKey:      particle jungle
2021-10-29 15:16:30 DEBUG StandardLeafKey: leaf texture   blocks/leaves_oak
2021-10-29 15:16:30 DEBUG StandardLeafKey:      particle default
2021-10-29 15:16:30 DEBUG StandardLeafKey: leaf texture   blocks/leaves_spruce
2021-10-29 15:16:30 DEBUG StandardLeafKey:      particle spruce
2021-10-29 15:16:30 DEBUG StandardLeafKey: leaf texture   blocks/leaves_birch
2021-10-29 15:16:30 DEBUG StandardLeafKey:      particle default
2021-10-29 15:16:30 DEBUG StandardLeafKey: leaf texture   blocks/leaves_jungle
2021-10-29 15:16:30 DEBUG StandardLeafKey:      particle jungle
2021-10-29 15:16:30 DEBUG StandardLeafKey: leaf texture   blocks/leaves_oak
2021-10-29 15:16:30 DEBUG StandardLeafKey:      particle default
2021-10-29 15:16:30 DEBUG StandardLeafKey: leaf texture   blocks/leaves_spruce
2021-10-29 15:16:30 DEBUG StandardLeafKey:      particle spruce
2021-10-29 15:16:30 DEBUG StandardLeafKey: leaf texture   blocks/leaves_birch
2021-10-29 15:16:30 DEBUG StandardLeafKey:      particle default
2021-10-29 15:16:30 DEBUG StandardLeafKey: leaf texture   blocks/leaves_jungle
2021-10-29 15:16:30 DEBUG StandardLeafKey:      particle jungle
2021-10-29 15:16:30 DEBUG StandardLeafKey: leaf texture   blocks/leaves_acacia
2021-10-29 15:16:30 DEBUG StandardLeafKey:      particle default
2021-10-29 15:16:30 DEBUG StandardLeafKey: leaf texture   blocks/leaves_big_oak
2021-10-29 15:16:30 DEBUG StandardLeafKey:      particle default
2021-10-29 15:16:30 DEBUG StandardLeafKey: leaf texture   blocks/leaves_acacia
2021-10-29 15:16:30 DEBUG StandardLeafKey:      particle default
2021-10-29 15:16:30 DEBUG StandardLeafKey: leaf texture   blocks/leaves_big_oak
2021-10-29 15:16:30 DEBUG StandardLeafKey:      particle default
2021-10-29 15:16:30 DEBUG StandardLeafKey: leaf texture   blocks/leaves_acacia
2021-10-29 15:16:30 DEBUG StandardLeafKey:      particle default
2021-10-29 15:16:30 DEBUG StandardLeafKey: leaf texture   blocks/leaves_big_oak
2021-10-29 15:16:30 DEBUG StandardLeafKey:      particle default
2021-10-29 15:16:30 DEBUG StandardLeafKey: leaf texture   blocks/leaves_acacia
2021-10-29 15:16:30 DEBUG StandardLeafKey:      particle default
2021-10-29 15:16:30 DEBUG StandardLeafKey: leaf texture   blocks/leaves_big_oak
2021-10-29 15:16:30 DEBUG StandardLeafKey:      particle default
2021-10-29 15:16:30 DEBUG StandardLeafKey: leaf texture   blocks/leaves_acacia
2021-10-29 15:16:30 DEBUG StandardLeafKey:      particle default
2021-10-29 15:16:30 DEBUG StandardLeafKey: leaf texture   blocks/leaves_big_oak
2021-10-29 15:16:30 DEBUG StandardLeafKey:      particle default
2021-10-29 15:16:30 DEBUG StandardLeafKey: leaf texture   blocks/leaves_acacia
2021-10-29 15:16:30 DEBUG StandardLeafKey:      particle default
2021-10-29 15:16:30 DEBUG StandardLeafKey: leaf texture   blocks/leaves_big_oak
2021-10-29 15:16:30 DEBUG StandardLeafKey:      particle default
2021-10-29 15:16:30 DEBUG StandardLeafKey: leaf texture   blocks/leaves_acacia
2021-10-29 15:16:30 DEBUG StandardLeafKey:      particle default
2021-10-29 15:16:30 DEBUG StandardLeafKey: leaf texture   blocks/leaves_big_oak
2021-10-29 15:16:30 DEBUG StandardLeafKey:      particle default
2021-10-29 15:16:30 DEBUG StandardLeafKey: leaf texture   blocks/leaves_acacia
2021-10-29 15:16:30 DEBUG StandardLeafKey:      particle default
2021-10-29 15:16:30 DEBUG StandardLeafKey: leaf texture   blocks/leaves_big_oak
2021-10-29 15:16:30 DEBUG StandardLeafKey:      particle default
2021-10-29 15:16:33 DEBUG StandardGrassKey: texture blocks/grass_top
2021-10-29 15:16:33 DEBUG StandardGrassKey:         saturation 0.0 < 0.1, using block color
2021-10-29 15:16:33 DEBUG StandardGrassKey: texture blocks/grass_top
2021-10-29 15:16:33 DEBUG StandardGrassKey:         saturation 0.0 < 0.1, using block color
